{"/home/ricardo/Desktop/projeto gapo /prologyc-app/Swagger.ts": {"path":"/home/ricardo/Desktop/projeto gapo /prologyc-app/Swagger.ts","statementMap":{"0":{"start":{"line":38,"column":0},"end":{"line":38,"column":41}},"1":{"start":{"line":39,"column":0},"end":{"line":39,"column":43}},"2":{"start":{"line":44,"column":6},"end":{"line":52,"column":null}},"3":{"start":{"line":56,"column":25},"end":{"line":56,"column":42}},"4":{"start":{"line":57,"column":6},"end":{"line":61,"column":null}},"5":{"start":{"line":65,"column":6},"end":{"line":69,"column":null}},"6":{"start":{"line":73,"column":0},"end":{"line":73,"column":29}}},"fnMap":{"0":{"name":"(anonymous_1)","decl":{"start":{"line":43,"column":12},"end":{"line":43,"column":22}},"loc":{"start":{"line":43,"column":22},"end":{"line":53,"column":5}}},"1":{"name":"(anonymous_2)","decl":{"start":{"line":55,"column":12},"end":{"line":55,"column":19}},"loc":{"start":{"line":55,"column":19},"end":{"line":62,"column":5}}},"2":{"name":"(anonymous_3)","decl":{"start":{"line":64,"column":11},"end":{"line":64,"column":16}},"loc":{"start":{"line":64,"column":16},"end":{"line":70,"column":5}}}},"branchMap":{},"s":{"0":1,"1":1,"2":1,"3":1,"4":1,"5":1,"6":1},"f":{"0":1,"1":1,"2":1},"b":{}}
,"/home/ricardo/Desktop/projeto gapo /prologyc-app/ormconfig.ts": {"path":"/home/ricardo/Desktop/projeto gapo /prologyc-app/ormconfig.ts","statementMap":{"0":{"start":{"line":1,"column":0},"end":{"line":1,"column":35}},"1":{"start":{"line":3,"column":0},"end":{"line":20,"column":null}}},"fnMap":{},"branchMap":{},"s":{"0":1,"1":1},"f":{},"b":{}}
,"/home/ricardo/Desktop/projeto gapo /prologyc-app/config/index.js": {"path":"/home/ricardo/Desktop/projeto gapo /prologyc-app/config/index.js","statementMap":{"0":{"start":{"line":2,"column":22},"end":{"line":4,"column":1}},"1":{"start":{"line":3,"column":4},"end":{"line":3,"column":62}},"2":{"start":{"line":5,"column":0},"end":{"line":5,"column":62}},"3":{"start":{"line":6,"column":15},"end":{"line":6,"column":49}},"4":{"start":{"line":7,"column":13},"end":{"line":7,"column":45}},"5":{"start":{"line":8,"column":14},"end":{"line":8,"column":38}},"6":{"start":{"line":10,"column":14},"end":{"line":21,"column":1}},"7":{"start":{"line":23,"column":14},"end":{"line":32,"column":1}},"8":{"start":{"line":34,"column":14},"end":{"line":43,"column":1}},"9":{"start":{"line":45,"column":21},"end":{"line":56,"column":1}},"10":{"start":{"line":46,"column":4},"end":{"line":55,"column":6}},"11":{"start":{"line":58,"column":10},"end":{"line":60,"column":1}},"12":{"start":{"line":61,"column":19},"end":{"line":63,"column":1}},"13":{"start":{"line":64,"column":22},"end":{"line":70,"column":1}},"14":{"start":{"line":71,"column":18},"end":{"line":79,"column":1}},"15":{"start":{"line":77,"column":53},"end":{"line":77,"column":96}},"16":{"start":{"line":80,"column":0},"end":{"line":80,"column":30}}},"fnMap":{"0":{"name":"(anonymous_0)","decl":{"start":{"line":2,"column":56},"end":{"line":2,"column":57}},"loc":{"start":{"line":2,"column":71},"end":{"line":4,"column":1}},"line":2},"1":{"name":"(anonymous_1)","decl":{"start":{"line":45,"column":21},"end":{"line":45,"column":22}},"loc":{"start":{"line":45,"column":52},"end":{"line":56,"column":1}},"line":45},"2":{"name":"(anonymous_2)","decl":{"start":{"line":77,"column":20},"end":{"line":77,"column":21}},"loc":{"start":{"line":77,"column":51},"end":{"line":77,"column":98}},"line":77}},"branchMap":{"0":{"loc":{"start":{"line":2,"column":22},"end":{"line":4,"column":1}},"type":"binary-expr","locations":[{"start":{"line":2,"column":23},"end":{"line":2,"column":27}},{"start":{"line":2,"column":31},"end":{"line":2,"column":51}},{"start":{"line":2,"column":56},"end":{"line":4,"column":1}}],"line":2},"1":{"loc":{"start":{"line":3,"column":11},"end":{"line":3,"column":61}},"type":"cond-expr","locations":[{"start":{"line":3,"column":37},"end":{"line":3,"column":40}},{"start":{"line":3,"column":43},"end":{"line":3,"column":61}}],"line":3},"2":{"loc":{"start":{"line":3,"column":12},"end":{"line":3,"column":33}},"type":"binary-expr","locations":[{"start":{"line":3,"column":12},"end":{"line":3,"column":15}},{"start":{"line":3,"column":19},"end":{"line":3,"column":33}}],"line":3}},"s":{"0":1,"1":2,"2":1,"3":1,"4":1,"5":1,"6":1,"7":1,"8":1,"9":1,"10":1,"11":1,"12":1,"13":1,"14":1,"15":1,"16":1},"f":{"0":2,"1":1,"2":1},"b":{"0":[1,1,1],"1":[0,2],"2":[2,2]},"inputSourceMap":null,"_coverageSchema":"1a1c01bbd47fc00a2c39e90264f33305004495a9","hash":"6ee4ac5716e1b0dd93014a558eec766e5dfbe4a5"}
,"/home/ricardo/Desktop/projeto gapo /prologyc-app/src/IoC.ts": {"path":"/home/ricardo/Desktop/projeto gapo /prologyc-app/src/IoC.ts","statementMap":{"0":{"start":{"line":1,"column":0},"end":{"line":1,"column":26}},"1":{"start":{"line":2,"column":0},"end":{"line":2,"column":89}},"2":{"start":{"line":3,"column":0},"end":{"line":3,"column":38}},"3":{"start":{"line":5,"column":0},"end":{"line":5,"column":65}},"4":{"start":{"line":6,"column":0},"end":{"line":6,"column":75}},"5":{"start":{"line":8,"column":0},"end":{"line":8,"column":115}},"6":{"start":{"line":10,"column":0},"end":{"line":10,"column":65}},"7":{"start":{"line":11,"column":0},"end":{"line":11,"column":100}},"8":{"start":{"line":12,"column":0},"end":{"line":12,"column":91}},"9":{"start":{"line":13,"column":0},"end":{"line":13,"column":35}},"10":{"start":{"line":14,"column":0},"end":{"line":14,"column":32}},"11":{"start":{"line":16,"column":16},"end":{"line":25,"column":null}},"12":{"start":{"line":17,"column":31},"end":{"line":17,"column":51}},"13":{"start":{"line":20,"column":27},"end":{"line":20,"column":55}},"14":{"start":{"line":21,"column":4},"end":{"line":22,"column":57}},"15":{"start":{"line":23,"column":4},"end":{"line":23,"column":48}},"16":{"start":{"line":32,"column":4},"end":{"line":32,"column":null}},"17":{"start":{"line":33,"column":4},"end":{"line":33,"column":56}},"18":{"start":{"line":34,"column":4},"end":{"line":34,"column":40}},"19":{"start":{"line":38,"column":4},"end":{"line":38,"column":34}},"20":{"start":{"line":39,"column":4},"end":{"line":39,"column":28}},"21":{"start":{"line":40,"column":4},"end":{"line":40,"column":30}},"22":{"start":{"line":41,"column":4},"end":{"line":41,"column":31}},"23":{"start":{"line":45,"column":4},"end":{"line":45,"column":85}},"24":{"start":{"line":49,"column":4},"end":{"line":49,"column":94}},"25":{"start":{"line":50,"column":4},"end":{"line":50,"column":109}},"26":{"start":{"line":54,"column":4},"end":{"line":54,"column":88}},"27":{"start":{"line":58,"column":4},"end":{"line":58,"column":82}},"28":{"start":{"line":59,"column":4},"end":{"line":59,"column":97}},"29":{"start":{"line":63,"column":0},"end":{"line":63,"column":25}}},"fnMap":{"0":{"name":"(anonymous_1)","decl":{"start":{"line":17,"column":2},"end":{"line":17,"column":31}},"loc":{"start":{"line":17,"column":51},"end":{"line":17,"column":55}}},"1":{"name":"(anonymous_2)","decl":{"start":{"line":19,"column":2},"end":{"line":19,"column":5}},"loc":{"start":{"line":19,"column":56},"end":{"line":24,"column":3}}},"2":{"name":"(anonymous_3)","decl":{"start":{"line":31,"column":2},"end":{"line":31,"column":null}},"loc":{"start":{"line":31,"column":2},"end":{"line":35,"column":3}}},"3":{"name":"(anonymous_4)","decl":{"start":{"line":37,"column":9},"end":{"line":37,"column":26}},"loc":{"start":{"line":37,"column":26},"end":{"line":42,"column":3}}},"4":{"name":"(anonymous_5)","decl":{"start":{"line":44,"column":10},"end":{"line":44,"column":29}},"loc":{"start":{"line":44,"column":29},"end":{"line":46,"column":3}}},"5":{"name":"(anonymous_6)","decl":{"start":{"line":48,"column":10},"end":{"line":48,"column":32}},"loc":{"start":{"line":48,"column":32},"end":{"line":51,"column":3}}},"6":{"name":"(anonymous_7)","decl":{"start":{"line":53,"column":10},"end":{"line":53,"column":26}},"loc":{"start":{"line":53,"column":26},"end":{"line":55,"column":3}}},"7":{"name":"(anonymous_8)","decl":{"start":{"line":57,"column":10},"end":{"line":57,"column":28}},"loc":{"start":{"line":57,"column":28},"end":{"line":60,"column":3}}}},"branchMap":{},"s":{"0":1,"1":1,"2":1,"3":1,"4":1,"5":1,"6":1,"7":1,"8":1,"9":1,"10":1,"11":1,"12":1,"13":5,"14":5,"15":5,"16":1,"17":1,"18":1,"19":1,"20":1,"21":1,"22":1,"23":1,"24":1,"25":1,"26":1,"27":1,"28":1,"29":1},"f":{"0":1,"1":5,"2":1,"3":1,"4":1,"5":1,"6":1,"7":1},"b":{}}
,"/home/ricardo/Desktop/projeto gapo /prologyc-app/src/Startup.ts": {"path":"/home/ricardo/Desktop/projeto gapo /prologyc-app/src/Startup.ts","statementMap":{"0":{"start":{"line":1,"column":0},"end":{"line":1,"column":26}},"1":{"start":{"line":2,"column":0},"end":{"line":2,"column":90}},"2":{"start":{"line":3,"column":0},"end":{"line":3,"column":58}},"3":{"start":{"line":4,"column":0},"end":{"line":4,"column":30}},"4":{"start":{"line":5,"column":0},"end":{"line":5,"column":24}},"5":{"start":{"line":6,"column":0},"end":{"line":6,"column":31}},"6":{"start":{"line":7,"column":0},"end":{"line":7,"column":37}},"7":{"start":{"line":8,"column":0},"end":{"line":8,"column":41}},"8":{"start":{"line":9,"column":0},"end":{"line":9,"column":39}},"9":{"start":{"line":10,"column":0},"end":{"line":10,"column":28}},"10":{"start":{"line":11,"column":0},"end":{"line":11,"column":38}},"11":{"start":{"line":12,"column":0},"end":{"line":12,"column":34}},"12":{"start":{"line":13,"column":0},"end":{"line":13,"column":28}},"13":{"start":{"line":14,"column":0},"end":{"line":14,"column":33}},"14":{"start":{"line":15,"column":0},"end":{"line":15,"column":24}},"15":{"start":{"line":16,"column":0},"end":{"line":16,"column":73}},"16":{"start":{"line":17,"column":0},"end":{"line":17,"column":46}},"17":{"start":{"line":18,"column":0},"end":{"line":18,"column":75}},"18":{"start":{"line":19,"column":0},"end":{"line":19,"column":35}},"19":{"start":{"line":20,"column":0},"end":{"line":20,"column":35}},"20":{"start":{"line":21,"column":0},"end":{"line":21,"column":40}},"21":{"start":{"line":23,"column":30},"end":{"line":23,"column":45}},"22":{"start":{"line":32,"column":4},"end":{"line":32,"column":28}},"23":{"start":{"line":33,"column":4},"end":{"line":33,"column":29}},"24":{"start":{"line":34,"column":4},"end":{"line":34,"column":18}},"25":{"start":{"line":35,"column":4},"end":{"line":35,"column":18}},"26":{"start":{"line":36,"column":4},"end":{"line":36,"column":23}},"27":{"start":{"line":37,"column":4},"end":{"line":37,"column":20}},"28":{"start":{"line":38,"column":4},"end":{"line":38,"column":70}},"29":{"start":{"line":42,"column":4},"end":{"line":42,"column":null}},"30":{"start":{"line":43,"column":4},"end":{"line":43,"column":null}},"31":{"start":{"line":44,"column":4},"end":{"line":44,"column":63}},"32":{"start":{"line":45,"column":4},"end":{"line":45,"column":86}},"33":{"start":{"line":46,"column":4},"end":{"line":46,"column":109}},"34":{"start":{"line":47,"column":4},"end":{"line":47,"column":36}},"35":{"start":{"line":48,"column":4},"end":{"line":48,"column":31}},"36":{"start":{"line":49,"column":4},"end":{"line":49,"column":37}},"37":{"start":{"line":50,"column":4},"end":{"line":50,"column":101}},"38":{"start":{"line":51,"column":4},"end":{"line":51,"column":54}},"39":{"start":{"line":52,"column":4},"end":{"line":52,"column":null}},"40":{"start":{"line":53,"column":4},"end":{"line":53,"column":40}},"41":{"start":{"line":57,"column":19},"end":{"line":57,"column":58}},"42":{"start":{"line":58,"column":4},"end":{"line":58,"column":48}},"43":{"start":{"line":59,"column":4},"end":{"line":59,"column":24}},"44":{"start":{"line":63,"column":4},"end":{"line":63,"column":84}},"45":{"start":{"line":67,"column":4},"end":{"line":67,"column":36}},"46":{"start":{"line":72,"column":28},"end":{"line":80,"column":5}},"47":{"start":{"line":73,"column":20},"end":{"line":73,"column":79}},"48":{"start":{"line":74,"column":29},"end":{"line":74,"column":55}},"49":{"start":{"line":75,"column":27},"end":{"line":78,"column":8}},"50":{"start":{"line":76,"column":8},"end":{"line":76,"column":63}},"51":{"start":{"line":76,"column":17},"end":{"line":76,"column":63}},"52":{"start":{"line":77,"column":8},"end":{"line":77,"column":23}},"53":{"start":{"line":79,"column":6},"end":{"line":79,"column":21}},"54":{"start":{"line":82,"column":28},"end":{"line":95,"column":5}},"55":{"start":{"line":83,"column":19},"end":{"line":87,"column":18}},"56":{"start":{"line":89,"column":6},"end":{"line":89,"column":109}},"57":{"start":{"line":89,"column":29},"end":{"line":89,"column":109}},"58":{"start":{"line":91,"column":6},"end":{"line":92,"column":100}},"59":{"start":{"line":91,"column":30},"end":{"line":91,"column":77}},"60":{"start":{"line":92,"column":8},"end":{"line":92,"column":100}},"61":{"start":{"line":92,"column":57},"end":{"line":92,"column":96}},"62":{"start":{"line":94,"column":6},"end":{"line":94,"column":18}},"63":{"start":{"line":97,"column":18},"end":{"line":97,"column":41}},"64":{"start":{"line":98,"column":25},"end":{"line":98,"column":60}},"65":{"start":{"line":99,"column":4},"end":{"line":99,"column":24}},"66":{"start":{"line":103,"column":0},"end":{"line":103,"column":29}}},"fnMap":{"0":{"name":"(anonymous_7)","decl":{"start":{"line":31,"column":2},"end":{"line":31,"column":null}},"loc":{"start":{"line":31,"column":2},"end":{"line":39,"column":3}}},"1":{"name":"(anonymous_8)","decl":{"start":{"line":41,"column":10},"end":{"line":41,"column":21}},"loc":{"start":{"line":41,"column":21},"end":{"line":54,"column":3}}},"2":{"name":"(anonymous_9)","decl":{"start":{"line":56,"column":10},"end":{"line":56,"column":16}},"loc":{"start":{"line":56,"column":16},"end":{"line":60,"column":3}}},"3":{"name":"(anonymous_10)","decl":{"start":{"line":62,"column":10},"end":{"line":62,"column":16}},"loc":{"start":{"line":62,"column":16},"end":{"line":64,"column":3}}},"4":{"name":"(anonymous_11)","decl":{"start":{"line":66,"column":10},"end":{"line":66,"column":15}},"loc":{"start":{"line":66,"column":24},"end":{"line":68,"column":3}}},"5":{"name":"(anonymous_12)","decl":{"start":{"line":70,"column":10},"end":{"line":70,"column":15}},"loc":{"start":{"line":70,"column":61},"end":{"line":100,"column":3}}},"6":{"name":"(anonymous_13)","decl":{"start":{"line":72,"column":28},"end":{"line":72,"column":29}},"loc":{"start":{"line":72,"column":47},"end":{"line":80,"column":5}}},"7":{"name":"(anonymous_14)","decl":{"start":{"line":75,"column":53},"end":{"line":75,"column":63}},"loc":{"start":{"line":75,"column":75},"end":{"line":78,"column":7}}},"8":{"name":"(anonymous_15)","decl":{"start":{"line":82,"column":28},"end":{"line":82,"column":33}},"loc":{"start":{"line":82,"column":65},"end":{"line":95,"column":5}}},"9":{"name":"(anonymous_16)","decl":{"start":{"line":91,"column":22},"end":{"line":91,"column":26}},"loc":{"start":{"line":91,"column":30},"end":{"line":91,"column":77}}},"10":{"name":"(anonymous_17)","decl":{"start":{"line":92,"column":50},"end":{"line":92,"column":51}},"loc":{"start":{"line":92,"column":57},"end":{"line":92,"column":96}}}},"branchMap":{"0":{"loc":{"start":{"line":76,"column":8},"end":{"line":76,"column":63}},"type":"if","locations":[{"start":{"line":76,"column":8},"end":{"line":76,"column":63}},{"start":{"line":76,"column":8},"end":{"line":76,"column":63}}]},"1":{"loc":{"start":{"line":89,"column":6},"end":{"line":89,"column":109}},"type":"if","locations":[{"start":{"line":89,"column":6},"end":{"line":89,"column":109}},{"start":{"line":89,"column":6},"end":{"line":89,"column":109}}]},"2":{"loc":{"start":{"line":91,"column":6},"end":{"line":92,"column":100}},"type":"if","locations":[{"start":{"line":91,"column":6},"end":{"line":92,"column":100}},{"start":{"line":91,"column":6},"end":{"line":92,"column":100}}]}},"s":{"0":1,"1":1,"2":1,"3":1,"4":1,"5":1,"6":1,"7":1,"8":1,"9":1,"10":1,"11":1,"12":1,"13":1,"14":1,"15":1,"16":1,"17":1,"18":1,"19":1,"20":1,"21":1,"22":1,"23":1,"24":1,"25":1,"26":1,"27":1,"28":1,"29":1,"30":1,"31":1,"32":1,"33":1,"34":1,"35":1,"36":1,"37":1,"38":1,"39":1,"40":1,"41":1,"42":1,"43":1,"44":1,"45":1,"46":0,"47":0,"48":0,"49":0,"50":0,"51":0,"52":0,"53":0,"54":0,"55":0,"56":0,"57":0,"58":0,"59":0,"60":0,"61":0,"62":0,"63":0,"64":0,"65":0,"66":1},"f":{"0":1,"1":1,"2":1,"3":1,"4":1,"5":0,"6":0,"7":0,"8":0,"9":0,"10":0},"b":{"0":[0,0],"1":[0,0],"2":[0,0]}}
,"/home/ricardo/Desktop/projeto gapo /prologyc-app/src/Types.ts": {"path":"/home/ricardo/Desktop/projeto gapo /prologyc-app/src/Types.ts","statementMap":{"0":{"start":{"line":1,"column":14},"end":{"line":8,"column":2}},"1":{"start":{"line":10,"column":9},"end":{"line":10,"column":14}}},"fnMap":{},"branchMap":{},"s":{"0":1,"1":1},"f":{},"b":{}}
,"/home/ricardo/Desktop/projeto gapo /prologyc-app/src/api/controllers/AuthenticationController.ts": {"path":"/home/ricardo/Desktop/projeto gapo /prologyc-app/src/api/controllers/AuthenticationController.ts","statementMap":{"0":{"start":{"line":1,"column":0},"end":{"line":1,"column":47}},"1":{"start":{"line":2,"column":0},"end":{"line":2,"column":70}},"2":{"start":{"line":3,"column":0},"end":{"line":3,"column":49}},"3":{"start":{"line":4,"column":0},"end":{"line":4,"column":67}},"4":{"start":{"line":5,"column":0},"end":{"line":5,"column":49}},"5":{"start":{"line":7,"column":0},"end":{"line":7,"column":65}},"6":{"start":{"line":8,"column":0},"end":{"line":8,"column":36}},"7":{"start":{"line":9,"column":0},"end":{"line":9,"column":67}},"8":{"start":{"line":13,"column":0},"end":{"line":35,"column":null}},"9":{"start":{"line":15,"column":72},"end":{"line":15,"column":100}},"10":{"start":{"line":20,"column":4},"end":{"line":20,"column":45}},"11":{"start":{"line":27,"column":4},"end":{"line":27,"column":45}},"12":{"start":{"line":33,"column":5},"end":{"line":33,"column":46}},"13":{"start":{"line":18,"column":2},"end":{"line":21,"column":null}},"14":{"start":{"line":25,"column":2},"end":{"line":28,"column":null}},"15":{"start":{"line":31,"column":2},"end":{"line":34,"column":null}},"16":{"start":{"line":13,"column":21},"end":{"line":35,"column":null}},"17":{"start":{"line":13,"column":21},"end":{"line":13,"column":null}}},"fnMap":{"0":{"name":"(anonymous_5)","decl":{"start":{"line":15,"column":2},"end":{"line":15,"column":22}},"loc":{"start":{"line":15,"column":100},"end":{"line":15,"column":104}}},"1":{"name":"(anonymous_6)","decl":{"start":{"line":18,"column":9},"end":{"line":18,"column":14}},"loc":{"start":{"line":18,"column":66},"end":{"line":21,"column":3}}},"2":{"name":"(anonymous_7)","decl":{"start":{"line":25,"column":9},"end":{"line":25,"column":15}},"loc":{"start":{"line":25,"column":47},"end":{"line":28,"column":3}}},"3":{"name":"(anonymous_8)","decl":{"start":{"line":31,"column":9},"end":{"line":31,"column":21}},"loc":{"start":{"line":31,"column":72},"end":{"line":34,"column":3}}}},"branchMap":{"0":{"loc":{"start":{"line":25,"column":26},"end":{"line":25,"column":47}},"type":"default-arg","locations":[{"start":{"line":25,"column":26},"end":{"line":25,"column":47}}]}},"s":{"0":1,"1":1,"2":1,"3":1,"4":1,"5":1,"6":1,"7":1,"8":1,"9":0,"10":0,"11":0,"12":0,"13":1,"14":1,"15":1,"16":1,"17":1},"f":{"0":0,"1":0,"2":0,"3":0},"b":{"0":[0]}}
,"/home/ricardo/Desktop/projeto gapo /prologyc-app/src/api/controllers/PathologysController.ts": {"path":"/home/ricardo/Desktop/projeto gapo /prologyc-app/src/api/controllers/PathologysController.ts","statementMap":{"0":{"start":{"line":1,"column":0},"end":{"line":1,"column":128}},"1":{"start":{"line":2,"column":0},"end":{"line":2,"column":47}},"2":{"start":{"line":3,"column":0},"end":{"line":3,"column":82}},"3":{"start":{"line":4,"column":0},"end":{"line":4,"column":61}},"4":{"start":{"line":6,"column":0},"end":{"line":6,"column":82}},"5":{"start":{"line":7,"column":0},"end":{"line":7,"column":84}},"6":{"start":{"line":8,"column":0},"end":{"line":8,"column":84}},"7":{"start":{"line":9,"column":0},"end":{"line":9,"column":82}},"8":{"start":{"line":10,"column":0},"end":{"line":10,"column":36}},"9":{"start":{"line":15,"column":0},"end":{"line":54,"column":null}},"10":{"start":{"line":17,"column":77},"end":{"line":17,"column":110}},"11":{"start":{"line":23,"column":4},"end":{"line":23,"column":45}},"12":{"start":{"line":31,"column":4},"end":{"line":31,"column":69}},"13":{"start":{"line":38,"column":4},"end":{"line":38,"column":45}},"14":{"start":{"line":45,"column":4},"end":{"line":45,"column":45}},"15":{"start":{"line":52,"column":4},"end":{"line":52,"column":68}},"16":{"start":{"line":21,"column":2},"end":{"line":24,"column":null}},"17":{"start":{"line":29,"column":2},"end":{"line":32,"column":null}},"18":{"start":{"line":36,"column":2},"end":{"line":39,"column":null}},"19":{"start":{"line":43,"column":2},"end":{"line":46,"column":null}},"20":{"start":{"line":51,"column":2},"end":{"line":53,"column":null}},"21":{"start":{"line":15,"column":21},"end":{"line":54,"column":null}},"22":{"start":{"line":15,"column":21},"end":{"line":15,"column":null}}},"fnMap":{"0":{"name":"(anonymous_5)","decl":{"start":{"line":17,"column":2},"end":{"line":17,"column":22}},"loc":{"start":{"line":17,"column":110},"end":{"line":17,"column":114}}},"1":{"name":"(anonymous_6)","decl":{"start":{"line":21,"column":9},"end":{"line":21,"column":16}},"loc":{"start":{"line":21,"column":64},"end":{"line":24,"column":3}}},"2":{"name":"(anonymous_7)","decl":{"start":{"line":29,"column":9},"end":{"line":29,"column":16}},"loc":{"start":{"line":29,"column":40},"end":{"line":32,"column":3}}},"3":{"name":"(anonymous_8)","decl":{"start":{"line":36,"column":9},"end":{"line":36,"column":24}},"loc":{"start":{"line":36,"column":82},"end":{"line":39,"column":3}}},"4":{"name":"(anonymous_9)","decl":{"start":{"line":43,"column":9},"end":{"line":43,"column":24}},"loc":{"start":{"line":43,"column":107},"end":{"line":46,"column":3}}},"5":{"name":"(anonymous_10)","decl":{"start":{"line":51,"column":9},"end":{"line":51,"column":24}},"loc":{"start":{"line":51,"column":48},"end":{"line":53,"column":3}}}},"branchMap":{},"s":{"0":1,"1":1,"2":1,"3":1,"4":1,"5":1,"6":1,"7":1,"8":1,"9":1,"10":0,"11":0,"12":0,"13":0,"14":0,"15":0,"16":1,"17":1,"18":1,"19":1,"20":1,"21":1,"22":1},"f":{"0":0,"1":0,"2":0,"3":0,"4":0,"5":0},"b":{}}
,"/home/ricardo/Desktop/projeto gapo /prologyc-app/src/api/controllers/UsersController.ts": {"path":"/home/ricardo/Desktop/projeto gapo /prologyc-app/src/api/controllers/UsersController.ts","statementMap":{"0":{"start":{"line":1,"column":0},"end":{"line":1,"column":65}},"1":{"start":{"line":5,"column":0},"end":{"line":12,"column":null}},"2":{"start":{"line":10,"column":4},"end":{"line":10,"column":27}},"3":{"start":{"line":8,"column":2},"end":{"line":11,"column":null}},"4":{"start":{"line":5,"column":21},"end":{"line":12,"column":null}},"5":{"start":{"line":5,"column":21},"end":{"line":5,"column":null}}},"fnMap":{"0":{"name":"(anonymous_4)","decl":{"start":{"line":8,"column":9},"end":{"line":8,"column":16}},"loc":{"start":{"line":8,"column":40},"end":{"line":11,"column":3}}}},"branchMap":{},"s":{"0":1,"1":1,"2":0,"3":1,"4":1,"5":1},"f":{"0":0},"b":{}}
,"/home/ricardo/Desktop/projeto gapo /prologyc-app/src/api/interceptors/OperationResultInterceptor.ts": {"path":"/home/ricardo/Desktop/projeto gapo /prologyc-app/src/api/interceptors/OperationResultInterceptor.ts","statementMap":{"0":{"start":{"line":1,"column":0},"end":{"line":1,"column":39}},"1":{"start":{"line":2,"column":0},"end":{"line":2,"column":80}},"2":{"start":{"line":3,"column":0},"end":{"line":3,"column":74}},"3":{"start":{"line":7,"column":0},"end":{"line":12,"column":null}},"4":{"start":{"line":9,"column":4},"end":{"line":9,"column":71}},"5":{"start":{"line":10,"column":4},"end":{"line":10,"column":19}},"6":{"start":{"line":7,"column":13},"end":{"line":12,"column":null}},"7":{"start":{"line":7,"column":13},"end":{"line":7,"column":39}}},"fnMap":{"0":{"name":"(anonymous_1)","decl":{"start":{"line":8,"column":2},"end":{"line":8,"column":11}},"loc":{"start":{"line":8,"column":40},"end":{"line":11,"column":3}}}},"branchMap":{"0":{"loc":{"start":{"line":9,"column":4},"end":{"line":9,"column":39}},"type":"binary-expr","locations":[{"start":{"line":9,"column":4},"end":{"line":9,"column":39}},{"start":{"line":9,"column":43},"end":{"line":9,"column":70}}]}},"s":{"0":1,"1":1,"2":1,"3":1,"4":0,"5":0,"6":1,"7":1},"f":{"0":0},"b":{"0":[0,0]}}
,"/home/ricardo/Desktop/projeto gapo /prologyc-app/src/api/middlewares/AuthenticationMiddleware.ts": {"path":"/home/ricardo/Desktop/projeto gapo /prologyc-app/src/api/middlewares/AuthenticationMiddleware.ts","statementMap":{"0":{"start":{"line":1,"column":0},"end":{"line":1,"column":39}},"1":{"start":{"line":2,"column":0},"end":{"line":2,"column":77}},"2":{"start":{"line":3,"column":0},"end":{"line":3,"column":31}},"3":{"start":{"line":4,"column":0},"end":{"line":4,"column":76}},"4":{"start":{"line":5,"column":0},"end":{"line":5,"column":42}},"5":{"start":{"line":6,"column":0},"end":{"line":6,"column":72}},"6":{"start":{"line":7,"column":0},"end":{"line":7,"column":40}},"7":{"start":{"line":8,"column":0},"end":{"line":8,"column":50}},"8":{"start":{"line":12,"column":0},"end":{"line":51,"column":null}},"9":{"start":{"line":14,"column":18},"end":{"line":14,"column":50}},"10":{"start":{"line":16,"column":6},"end":{"line":21,"column":39}},"11":{"start":{"line":22,"column":23},"end":{"line":22,"column":110}},"12":{"start":{"line":24,"column":4},"end":{"line":24,"column":62}},"13":{"start":{"line":24,"column":35},"end":{"line":24,"column":62}},"14":{"start":{"line":26,"column":4},"end":{"line":29,"column":7}},"15":{"start":{"line":27,"column":6},"end":{"line":27,"column":61}},"16":{"start":{"line":27,"column":15},"end":{"line":27,"column":61}},"17":{"start":{"line":28,"column":6},"end":{"line":28,"column":21}},"18":{"start":{"line":31,"column":4},"end":{"line":48,"column":null}},"19":{"start":{"line":37,"column":29},"end":{"line":42,"column":18}},"20":{"start":{"line":44,"column":6},"end":{"line":47,"column":10}},"21":{"start":{"line":44,"column":37},"end":{"line":47,"column":10}},"22":{"start":{"line":49,"column":4},"end":{"line":49,"column":11}},"23":{"start":{"line":12,"column":13},"end":{"line":51,"column":null}},"24":{"start":{"line":12,"column":13},"end":{"line":12,"column":37}}},"fnMap":{"0":{"name":"(anonymous_2)","decl":{"start":{"line":13,"column":2},"end":{"line":13,"column":7}},"loc":{"start":{"line":13,"column":66},"end":{"line":50,"column":3}}},"1":{"name":"(anonymous_3)","decl":{"start":{"line":26,"column":73},"end":{"line":26,"column":83}},"loc":{"start":{"line":26,"column":95},"end":{"line":29,"column":5}}}},"branchMap":{"0":{"loc":{"start":{"line":16,"column":6},"end":{"line":16,"column":40}},"type":"binary-expr","locations":[{"start":{"line":16,"column":6},"end":{"line":16,"column":40}},{"start":{"line":17,"column":6},"end":{"line":17,"column":43}},{"start":{"line":18,"column":6},"end":{"line":18,"column":42}},{"start":{"line":19,"column":6},"end":{"line":19,"column":37}},{"start":{"line":20,"column":6},"end":{"line":20,"column":42}},{"start":{"line":21,"column":6},"end":{"line":21,"column":39}}]},"1":{"loc":{"start":{"line":22,"column":32},"end":{"line":22,"column":101}},"type":"cond-expr","locations":[{"start":{"line":22,"column":32},"end":{"line":22,"column":101}},{"start":{"line":22,"column":105},"end":{"line":22,"column":110}}]},"2":{"loc":{"start":{"line":22,"column":32},"end":{"line":22,"column":64}},"type":"binary-expr","locations":[{"start":{"line":22,"column":32},"end":{"line":22,"column":64}},{"start":{"line":22,"column":68},"end":{"line":22,"column":101}}]},"3":{"loc":{"start":{"line":24,"column":4},"end":{"line":24,"column":62}},"type":"if","locations":[{"start":{"line":24,"column":4},"end":{"line":24,"column":62}},{"start":{"line":24,"column":4},"end":{"line":24,"column":62}}]},"4":{"loc":{"start":{"line":24,"column":8},"end":{"line":24,"column":18}},"type":"binary-expr","locations":[{"start":{"line":24,"column":8},"end":{"line":24,"column":18}},{"start":{"line":24,"column":22},"end":{"line":24,"column":33}}]},"5":{"loc":{"start":{"line":26,"column":4},"end":{"line":26,"column":9}},"type":"binary-expr","locations":[{"start":{"line":26,"column":4},"end":{"line":26,"column":9}},{"start":{"line":26,"column":13},"end":{"line":29,"column":6}}]},"6":{"loc":{"start":{"line":27,"column":6},"end":{"line":27,"column":61}},"type":"if","locations":[{"start":{"line":27,"column":6},"end":{"line":27,"column":61}},{"start":{"line":27,"column":6},"end":{"line":27,"column":61}}]},"7":{"loc":{"start":{"line":31,"column":4},"end":{"line":48,"column":null}},"type":"if","locations":[{"start":{"line":31,"column":4},"end":{"line":48,"column":null}},{"start":{"line":31,"column":4},"end":{"line":48,"column":null}}]},"8":{"loc":{"start":{"line":32,"column":6},"end":{"line":32,"column":24}},"type":"binary-expr","locations":[{"start":{"line":32,"column":6},"end":{"line":32,"column":24}},{"start":{"line":33,"column":9},"end":{"line":33,"column":30}},{"start":{"line":34,"column":9},"end":{"line":34,"column":35}},{"start":{"line":35,"column":9},"end":{"line":35,"column":42}}]},"9":{"loc":{"start":{"line":44,"column":6},"end":{"line":47,"column":10}},"type":"if","locations":[{"start":{"line":44,"column":6},"end":{"line":47,"column":10}},{"start":{"line":44,"column":6},"end":{"line":47,"column":10}}]}},"s":{"0":1,"1":1,"2":1,"3":1,"4":1,"5":1,"6":1,"7":1,"8":1,"9":0,"10":0,"11":0,"12":0,"13":0,"14":0,"15":0,"16":0,"17":0,"18":0,"19":0,"20":0,"21":0,"22":0,"23":1,"24":1},"f":{"0":0,"1":0},"b":{"0":[0,0,0,0,0,0],"1":[0,0],"2":[0,0],"3":[0,0],"4":[0,0],"5":[0,0],"6":[0,0],"7":[0,0],"8":[0,0,0,0],"9":[0,0]}}
,"/home/ricardo/Desktop/projeto gapo /prologyc-app/src/api/middlewares/CustomErrorHandler.ts": {"path":"/home/ricardo/Desktop/projeto gapo /prologyc-app/src/api/middlewares/CustomErrorHandler.ts","statementMap":{"0":{"start":{"line":1,"column":0},"end":{"line":1,"column":39}},"1":{"start":{"line":2,"column":0},"end":{"line":2,"column":82}},"2":{"start":{"line":3,"column":0},"end":{"line":3,"column":72}},"3":{"start":{"line":11,"column":0},"end":{"line":46,"column":null}},"4":{"start":{"line":14,"column":35},"end":{"line":17,"column":5}},"5":{"start":{"line":15,"column":21},"end":{"line":15,"column":64}},"6":{"start":{"line":16,"column":6},"end":{"line":16,"column":19}},"7":{"start":{"line":19,"column":29},"end":{"line":22,"column":5}},"8":{"start":{"line":20,"column":21},"end":{"line":20,"column":64}},"9":{"start":{"line":21,"column":6},"end":{"line":21,"column":19}},"10":{"start":{"line":24,"column":26},"end":{"line":27,"column":5}},"11":{"start":{"line":25,"column":21},"end":{"line":25,"column":64}},"12":{"start":{"line":26,"column":6},"end":{"line":26,"column":19}},"13":{"start":{"line":29,"column":25},"end":{"line":32,"column":5}},"14":{"start":{"line":30,"column":21},"end":{"line":30,"column":64}},"15":{"start":{"line":31,"column":6},"end":{"line":31,"column":19}},"16":{"start":{"line":34,"column":31},"end":{"line":39,"column":null}},"17":{"start":{"line":35,"column":39},"end":{"line":35,"column":68}},"18":{"start":{"line":36,"column":65},"end":{"line":36,"column":88}},"19":{"start":{"line":37,"column":42},"end":{"line":37,"column":62}},"20":{"start":{"line":38,"column":41},"end":{"line":38,"column":60}},"21":{"start":{"line":41,"column":4},"end":{"line":41,"column":98}},"22":{"start":{"line":42,"column":4},"end":{"line":42,"column":46}},"23":{"start":{"line":11,"column":13},"end":{"line":46,"column":null}},"24":{"start":{"line":11,"column":13},"end":{"line":11,"column":31}}},"fnMap":{"0":{"name":"(anonymous_1)","decl":{"start":{"line":12,"column":2},"end":{"line":12,"column":7}},"loc":{"start":{"line":12,"column":73},"end":{"line":45,"column":3}}},"1":{"name":"(anonymous_2)","decl":{"start":{"line":14,"column":35},"end":{"line":14,"column":36}},"loc":{"start":{"line":14,"column":62},"end":{"line":17,"column":5}}},"2":{"name":"(anonymous_3)","decl":{"start":{"line":19,"column":29},"end":{"line":19,"column":30}},"loc":{"start":{"line":19,"column":82},"end":{"line":22,"column":5}}},"3":{"name":"(anonymous_4)","decl":{"start":{"line":24,"column":26},"end":{"line":24,"column":27}},"loc":{"start":{"line":24,"column":55},"end":{"line":27,"column":5}}},"4":{"name":"(anonymous_5)","decl":{"start":{"line":29,"column":25},"end":{"line":29,"column":26}},"loc":{"start":{"line":29,"column":53},"end":{"line":32,"column":5}}},"5":{"name":"(anonymous_6)","decl":{"start":{"line":35,"column":11},"end":{"line":35,"column":12}},"loc":{"start":{"line":35,"column":39},"end":{"line":35,"column":68}}},"6":{"name":"(anonymous_7)","decl":{"start":{"line":36,"column":11},"end":{"line":36,"column":12}},"loc":{"start":{"line":36,"column":65},"end":{"line":36,"column":88}}},"7":{"name":"(anonymous_8)","decl":{"start":{"line":37,"column":11},"end":{"line":37,"column":12}},"loc":{"start":{"line":37,"column":42},"end":{"line":37,"column":62}}},"8":{"name":"(anonymous_9)","decl":{"start":{"line":38,"column":11},"end":{"line":38,"column":12}},"loc":{"start":{"line":38,"column":41},"end":{"line":38,"column":60}}}},"branchMap":{"0":{"loc":{"start":{"line":41,"column":4},"end":{"line":41,"column":32}},"type":"binary-expr","locations":[{"start":{"line":41,"column":4},"end":{"line":41,"column":32}},{"start":{"line":41,"column":36},"end":{"line":41,"column":97}}]}},"s":{"0":1,"1":1,"2":1,"3":1,"4":0,"5":0,"6":0,"7":0,"8":0,"9":0,"10":0,"11":0,"12":0,"13":0,"14":0,"15":0,"16":0,"17":0,"18":0,"19":0,"20":0,"21":0,"22":0,"23":1,"24":1},"f":{"0":0,"1":0,"2":0,"3":0,"4":0,"5":0,"6":0,"7":0,"8":0},"b":{"0":[0,0]}}
,"/home/ricardo/Desktop/projeto gapo /prologyc-app/src/api/operation-result/OperationResult.ts": {"path":"/home/ricardo/Desktop/projeto gapo /prologyc-app/src/api/operation-result/OperationResult.ts","statementMap":{"0":{"start":{"line":1,"column":0},"end":{"line":1,"column":39}},"1":{"start":{"line":2,"column":0},"end":{"line":2,"column":54}},"2":{"start":{"line":3,"column":0},"end":{"line":3,"column":52}},"3":{"start":{"line":4,"column":0},"end":{"line":4,"column":56}},"4":{"start":{"line":5,"column":0},"end":{"line":5,"column":46}},"5":{"start":{"line":6,"column":0},"end":{"line":6,"column":50}},"6":{"start":{"line":7,"column":0},"end":{"line":7,"column":58}},"7":{"start":{"line":19,"column":0},"end":{"line":48,"column":null}},"8":{"start":{"line":25,"column":8},"end":{"line":25,"column":41}},"9":{"start":{"line":29,"column":8},"end":{"line":29,"column":46}},"10":{"start":{"line":33,"column":8},"end":{"line":33,"column":45}},"11":{"start":{"line":37,"column":8},"end":{"line":37,"column":47}},"12":{"start":{"line":41,"column":8},"end":{"line":41,"column":44}},"13":{"start":{"line":45,"column":8},"end":{"line":45,"column":43}},"14":{"start":{"line":19,"column":13},"end":{"line":48,"column":null}},"15":{"start":{"line":19,"column":13},"end":{"line":19,"column":28}}},"fnMap":{"0":{"name":"(anonymous_2)","decl":{"start":{"line":20,"column":4},"end":{"line":20,"column":null}},"loc":{"start":{"line":20,"column":4},"end":{"line":22,"column":5}}},"1":{"name":"(anonymous_3)","decl":{"start":{"line":24,"column":13},"end":{"line":24,"column":15}},"loc":{"start":{"line":24,"column":29},"end":{"line":26,"column":7}}},"2":{"name":"(anonymous_4)","decl":{"start":{"line":28,"column":11},"end":{"line":28,"column":18}},"loc":{"start":{"line":28,"column":32},"end":{"line":30,"column":7}}},"3":{"name":"(anonymous_5)","decl":{"start":{"line":32,"column":11},"end":{"line":32,"column":21}},"loc":{"start":{"line":32,"column":35},"end":{"line":34,"column":7}}},"4":{"name":"(anonymous_6)","decl":{"start":{"line":36,"column":11},"end":{"line":36,"column":23}},"loc":{"start":{"line":36,"column":37},"end":{"line":38,"column":7}}},"5":{"name":"(anonymous_7)","decl":{"start":{"line":40,"column":11},"end":{"line":40,"column":20}},"loc":{"start":{"line":40,"column":34},"end":{"line":42,"column":7}}},"6":{"name":"(anonymous_8)","decl":{"start":{"line":44,"column":11},"end":{"line":44,"column":19}},"loc":{"start":{"line":44,"column":33},"end":{"line":46,"column":7}}}},"branchMap":{"0":{"loc":{"start":{"line":25,"column":29},"end":{"line":25,"column":33}},"type":"cond-expr","locations":[{"start":{"line":25,"column":29},"end":{"line":25,"column":33}},{"start":{"line":25,"column":37},"end":{"line":25,"column":39}}]},"1":{"loc":{"start":{"line":25,"column":29},"end":{"line":25,"column":37}},"type":"binary-expr","locations":[{"start":{"line":25,"column":29},"end":{"line":25,"column":37}},{"start":{"line":25,"column":29},"end":{"line":25,"column":37}}]},"2":{"loc":{"start":{"line":29,"column":34},"end":{"line":29,"column":38}},"type":"cond-expr","locations":[{"start":{"line":29,"column":34},"end":{"line":29,"column":38}},{"start":{"line":29,"column":42},"end":{"line":29,"column":44}}]},"3":{"loc":{"start":{"line":29,"column":34},"end":{"line":29,"column":42}},"type":"binary-expr","locations":[{"start":{"line":29,"column":34},"end":{"line":29,"column":42}},{"start":{"line":29,"column":34},"end":{"line":29,"column":42}}]},"4":{"loc":{"start":{"line":33,"column":33},"end":{"line":33,"column":37}},"type":"cond-expr","locations":[{"start":{"line":33,"column":33},"end":{"line":33,"column":37}},{"start":{"line":33,"column":41},"end":{"line":33,"column":43}}]},"5":{"loc":{"start":{"line":33,"column":33},"end":{"line":33,"column":41}},"type":"binary-expr","locations":[{"start":{"line":33,"column":33},"end":{"line":33,"column":41}},{"start":{"line":33,"column":33},"end":{"line":33,"column":41}}]},"6":{"loc":{"start":{"line":37,"column":35},"end":{"line":37,"column":39}},"type":"cond-expr","locations":[{"start":{"line":37,"column":35},"end":{"line":37,"column":39}},{"start":{"line":37,"column":43},"end":{"line":37,"column":45}}]},"7":{"loc":{"start":{"line":37,"column":35},"end":{"line":37,"column":43}},"type":"binary-expr","locations":[{"start":{"line":37,"column":35},"end":{"line":37,"column":43}},{"start":{"line":37,"column":35},"end":{"line":37,"column":43}}]},"8":{"loc":{"start":{"line":41,"column":32},"end":{"line":41,"column":36}},"type":"cond-expr","locations":[{"start":{"line":41,"column":32},"end":{"line":41,"column":36}},{"start":{"line":41,"column":40},"end":{"line":41,"column":42}}]},"9":{"loc":{"start":{"line":41,"column":32},"end":{"line":41,"column":40}},"type":"binary-expr","locations":[{"start":{"line":41,"column":32},"end":{"line":41,"column":40}},{"start":{"line":41,"column":32},"end":{"line":41,"column":40}}]},"10":{"loc":{"start":{"line":45,"column":31},"end":{"line":45,"column":35}},"type":"cond-expr","locations":[{"start":{"line":45,"column":31},"end":{"line":45,"column":35}},{"start":{"line":45,"column":39},"end":{"line":45,"column":41}}]},"11":{"loc":{"start":{"line":45,"column":31},"end":{"line":45,"column":39}},"type":"binary-expr","locations":[{"start":{"line":45,"column":31},"end":{"line":45,"column":39}},{"start":{"line":45,"column":31},"end":{"line":45,"column":39}}]}},"s":{"0":1,"1":1,"2":1,"3":1,"4":1,"5":1,"6":1,"7":1,"8":0,"9":0,"10":0,"11":0,"12":0,"13":0,"14":1,"15":1},"f":{"0":0,"1":0,"2":0,"3":0,"4":0,"5":0,"6":0},"b":{"0":[0,0],"1":[0,0],"2":[0,0],"3":[0,0],"4":[0,0],"5":[0,0],"6":[0,0],"7":[0,0],"8":[0,0],"9":[0,0],"10":[0,0],"11":[0,0]}}
,"/home/ricardo/Desktop/projeto gapo /prologyc-app/src/api/operation-result/http-status/BadRequest.ts": {"path":"/home/ricardo/Desktop/projeto gapo /prologyc-app/src/api/operation-result/http-status/BadRequest.ts","statementMap":{"0":{"start":{"line":1,"column":0},"end":{"line":1,"column":50}},"1":{"start":{"line":5,"column":8},"end":{"line":5,"column":104}},"2":{"start":{"line":3,"column":0},"end":{"line":3,"column":13}}},"fnMap":{"0":{"name":"(anonymous_0)","decl":{"start":{"line":4,"column":4},"end":{"line":4,"column":16}},"loc":{"start":{"line":4,"column":28},"end":{"line":6,"column":5}}}},"branchMap":{},"s":{"0":1,"1":0,"2":1},"f":{"0":0},"b":{}}
,"/home/ricardo/Desktop/projeto gapo /prologyc-app/src/api/operation-result/http-status/Forbidden.ts": {"path":"/home/ricardo/Desktop/projeto gapo /prologyc-app/src/api/operation-result/http-status/Forbidden.ts","statementMap":{"0":{"start":{"line":1,"column":0},"end":{"line":1,"column":50}},"1":{"start":{"line":5,"column":8},"end":{"line":5,"column":100}},"2":{"start":{"line":3,"column":0},"end":{"line":3,"column":13}}},"fnMap":{"0":{"name":"(anonymous_0)","decl":{"start":{"line":4,"column":4},"end":{"line":4,"column":16}},"loc":{"start":{"line":4,"column":26},"end":{"line":6,"column":5}}}},"branchMap":{},"s":{"0":1,"1":0,"2":1},"f":{"0":0},"b":{}}
,"/home/ricardo/Desktop/projeto gapo /prologyc-app/src/api/operation-result/http-status/HttpCreated.ts": {"path":"/home/ricardo/Desktop/projeto gapo /prologyc-app/src/api/operation-result/http-status/HttpCreated.ts","statementMap":{"0":{"start":{"line":1,"column":0},"end":{"line":1,"column":50}},"1":{"start":{"line":5,"column":8},"end":{"line":5,"column":101}},"2":{"start":{"line":6,"column":8},"end":{"line":6,"column":27}},"3":{"start":{"line":7,"column":8},"end":{"line":7,"column":25}},"4":{"start":{"line":3,"column":0},"end":{"line":3,"column":13}}},"fnMap":{"0":{"name":"(anonymous_0)","decl":{"start":{"line":4,"column":4},"end":{"line":4,"column":16}},"loc":{"start":{"line":4,"column":27},"end":{"line":8,"column":5}}}},"branchMap":{},"s":{"0":1,"1":0,"2":0,"3":0,"4":1},"f":{"0":0},"b":{}}
,"/home/ricardo/Desktop/projeto gapo /prologyc-app/src/api/operation-result/http-status/HttpOk.ts": {"path":"/home/ricardo/Desktop/projeto gapo /prologyc-app/src/api/operation-result/http-status/HttpOk.ts","statementMap":{"0":{"start":{"line":1,"column":0},"end":{"line":1,"column":50}},"1":{"start":{"line":5,"column":8},"end":{"line":5,"column":65}},"2":{"start":{"line":6,"column":8},"end":{"line":6,"column":27}},"3":{"start":{"line":7,"column":8},"end":{"line":7,"column":25}},"4":{"start":{"line":3,"column":0},"end":{"line":3,"column":13}}},"fnMap":{"0":{"name":"(anonymous_0)","decl":{"start":{"line":4,"column":4},"end":{"line":4,"column":16}},"loc":{"start":{"line":4,"column":25},"end":{"line":8,"column":5}}}},"branchMap":{},"s":{"0":1,"1":0,"2":0,"3":0,"4":1},"f":{"0":0},"b":{}}
,"/home/ricardo/Desktop/projeto gapo /prologyc-app/src/api/operation-result/http-status/HttpResultBase.ts": {"path":"/home/ricardo/Desktop/projeto gapo /prologyc-app/src/api/operation-result/http-status/HttpResultBase.ts","statementMap":{"0":{"start":{"line":4,"column":8},"end":{"line":4,"column":28}},"1":{"start":{"line":5,"column":8},"end":{"line":5,"column":33}},"2":{"start":{"line":6,"column":8},"end":{"line":6,"column":25}},"3":{"start":{"line":7,"column":8},"end":{"line":7,"column":31}},"4":{"start":{"line":8,"column":8},"end":{"line":8,"column":27}},"5":{"start":{"line":2,"column":0},"end":{"line":2,"column":13}}},"fnMap":{"0":{"name":"(anonymous_0)","decl":{"start":{"line":3,"column":4},"end":{"line":3,"column":16}},"loc":{"start":{"line":3,"column":75},"end":{"line":9,"column":5}}}},"branchMap":{},"s":{"0":0,"1":0,"2":0,"3":0,"4":0,"5":1},"f":{"0":0},"b":{}}
,"/home/ricardo/Desktop/projeto gapo /prologyc-app/src/api/operation-result/http-status/NotFound.ts": {"path":"/home/ricardo/Desktop/projeto gapo /prologyc-app/src/api/operation-result/http-status/NotFound.ts","statementMap":{"0":{"start":{"line":1,"column":0},"end":{"line":1,"column":50}},"1":{"start":{"line":5,"column":8},"end":{"line":5,"column":95}},"2":{"start":{"line":3,"column":0},"end":{"line":3,"column":13}}},"fnMap":{"0":{"name":"(anonymous_0)","decl":{"start":{"line":4,"column":4},"end":{"line":4,"column":16}},"loc":{"start":{"line":4,"column":28},"end":{"line":6,"column":5}}}},"branchMap":{},"s":{"0":1,"1":0,"2":1},"f":{"0":0},"b":{}}
,"/home/ricardo/Desktop/projeto gapo /prologyc-app/src/api/operation-result/http-status/TokenError.ts": {"path":"/home/ricardo/Desktop/projeto gapo /prologyc-app/src/api/operation-result/http-status/TokenError.ts","statementMap":{"0":{"start":{"line":1,"column":0},"end":{"line":1,"column":50}},"1":{"start":{"line":5,"column":8},"end":{"line":5,"column":80}},"2":{"start":{"line":3,"column":0},"end":{"line":3,"column":13}}},"fnMap":{"0":{"name":"(anonymous_0)","decl":{"start":{"line":4,"column":4},"end":{"line":4,"column":16}},"loc":{"start":{"line":4,"column":40},"end":{"line":6,"column":5}}}},"branchMap":{},"s":{"0":1,"1":0,"2":1},"f":{"0":0},"b":{}}
,"/home/ricardo/Desktop/projeto gapo /prologyc-app/src/api/operation-result/http-status/Unauthorized.ts": {"path":"/home/ricardo/Desktop/projeto gapo /prologyc-app/src/api/operation-result/http-status/Unauthorized.ts","statementMap":{"0":{"start":{"line":1,"column":0},"end":{"line":1,"column":50}},"1":{"start":{"line":5,"column":8},"end":{"line":5,"column":131}},"2":{"start":{"line":3,"column":0},"end":{"line":3,"column":13}}},"fnMap":{"0":{"name":"(anonymous_0)","decl":{"start":{"line":4,"column":4},"end":{"line":4,"column":16}},"loc":{"start":{"line":4,"column":28},"end":{"line":6,"column":5}}}},"branchMap":{},"s":{"0":1,"1":0,"2":1},"f":{"0":0},"b":{}}
,"/home/ricardo/Desktop/projeto gapo /prologyc-app/src/api/request-handlers/PathologyRequestHandler.ts": {"path":"/home/ricardo/Desktop/projeto gapo /prologyc-app/src/api/request-handlers/PathologyRequestHandler.ts","statementMap":{"0":{"start":{"line":1,"column":0},"end":{"line":1,"column":47}},"1":{"start":{"line":2,"column":0},"end":{"line":2,"column":56}},"2":{"start":{"line":4,"column":0},"end":{"line":4,"column":36}},"3":{"start":{"line":24,"column":0},"end":{"line":63,"column":null}},"4":{"start":{"line":26,"column":56},"end":{"line":26,"column":90}},"5":{"start":{"line":27,"column":60},"end":{"line":27,"column":93}},"6":{"start":{"line":31,"column":23},"end":{"line":37,"column":null}},"7":{"start":{"line":32,"column":75},"end":{"line":32,"column":117}},"8":{"start":{"line":33,"column":75},"end":{"line":33,"column":117}},"9":{"start":{"line":34,"column":77},"end":{"line":34,"column":120}},"10":{"start":{"line":35,"column":77},"end":{"line":35,"column":120}},"11":{"start":{"line":36,"column":75},"end":{"line":36,"column":117}},"12":{"start":{"line":39,"column":8},"end":{"line":39,"column":62}},"13":{"start":{"line":43,"column":8},"end":{"line":43,"column":48}},"14":{"start":{"line":47,"column":26},"end":{"line":47,"column":73}},"15":{"start":{"line":48,"column":33},"end":{"line":48,"column":73}},"16":{"start":{"line":49,"column":8},"end":{"line":49,"column":null}},"17":{"start":{"line":53,"column":8},"end":{"line":53,"column":52}},"18":{"start":{"line":57,"column":8},"end":{"line":57,"column":49}},"19":{"start":{"line":61,"column":8},"end":{"line":61,"column":51}},"20":{"start":{"line":24,"column":21},"end":{"line":63,"column":null}},"21":{"start":{"line":24,"column":21},"end":{"line":24,"column":null}}},"fnMap":{"0":{"name":"(anonymous_5)","decl":{"start":{"line":25,"column":4},"end":{"line":25,"column":null}},"loc":{"start":{"line":27,"column":93},"end":{"line":28,"column":9}}},"1":{"name":"(anonymous_6)","decl":{"start":{"line":30,"column":11},"end":{"line":30,"column":22}},"loc":{"start":{"line":30,"column":35},"end":{"line":40,"column":5}}},"2":{"name":"(anonymous_7)","decl":{"start":{"line":32,"column":38},"end":{"line":32,"column":39}},"loc":{"start":{"line":32,"column":75},"end":{"line":32,"column":117}}},"3":{"name":"(anonymous_8)","decl":{"start":{"line":33,"column":38},"end":{"line":33,"column":39}},"loc":{"start":{"line":33,"column":75},"end":{"line":33,"column":117}}},"4":{"name":"(anonymous_9)","decl":{"start":{"line":34,"column":39},"end":{"line":34,"column":40}},"loc":{"start":{"line":34,"column":77},"end":{"line":34,"column":120}}},"5":{"name":"(anonymous_10)","decl":{"start":{"line":35,"column":39},"end":{"line":35,"column":40}},"loc":{"start":{"line":35,"column":77},"end":{"line":35,"column":120}}},"6":{"name":"(anonymous_11)","decl":{"start":{"line":36,"column":38},"end":{"line":36,"column":39}},"loc":{"start":{"line":36,"column":75},"end":{"line":36,"column":117}}},"7":{"name":"(anonymous_12)","decl":{"start":{"line":42,"column":11},"end":{"line":42,"column":39}},"loc":{"start":{"line":42,"column":71},"end":{"line":44,"column":5}}},"8":{"name":"(anonymous_13)","decl":{"start":{"line":46,"column":11},"end":{"line":46,"column":16}},"loc":{"start":{"line":46,"column":77},"end":{"line":50,"column":5}}},"9":{"name":"(anonymous_14)","decl":{"start":{"line":52,"column":11},"end":{"line":52,"column":40}},"loc":{"start":{"line":52,"column":73},"end":{"line":54,"column":5}}},"10":{"name":"(anonymous_15)","decl":{"start":{"line":56,"column":11},"end":{"line":56,"column":40}},"loc":{"start":{"line":56,"column":73},"end":{"line":58,"column":5}}},"11":{"name":"(anonymous_16)","decl":{"start":{"line":60,"column":11},"end":{"line":60,"column":39}},"loc":{"start":{"line":60,"column":71},"end":{"line":62,"column":5}}}},"branchMap":{},"s":{"0":1,"1":1,"2":1,"3":1,"4":0,"5":0,"6":0,"7":0,"8":0,"9":0,"10":0,"11":0,"12":0,"13":0,"14":0,"15":0,"16":0,"17":0,"18":0,"19":0,"20":1,"21":1},"f":{"0":0,"1":0,"2":0,"3":0,"4":0,"5":0,"6":0,"7":0,"8":0,"9":0,"10":0,"11":0},"b":{}}
,"/home/ricardo/Desktop/projeto gapo /prologyc-app/src/api/request-handlers/UserRequestHandler.ts": {"path":"/home/ricardo/Desktop/projeto gapo /prologyc-app/src/api/request-handlers/UserRequestHandler.ts","statementMap":{"0":{"start":{"line":1,"column":0},"end":{"line":1,"column":47}},"1":{"start":{"line":2,"column":0},"end":{"line":2,"column":42}},"2":{"start":{"line":3,"column":0},"end":{"line":3,"column":50}},"3":{"start":{"line":5,"column":0},"end":{"line":5,"column":36}},"4":{"start":{"line":11,"column":0},"end":{"line":11,"column":31}},"5":{"start":{"line":23,"column":0},"end":{"line":85,"column":null}},"6":{"start":{"line":25,"column":56},"end":{"line":25,"column":90}},"7":{"start":{"line":26,"column":55},"end":{"line":26,"column":83}},"8":{"start":{"line":30,"column":23},"end":{"line":35,"column":null}},"9":{"start":{"line":31,"column":63},"end":{"line":31,"column":101}},"10":{"start":{"line":32,"column":63},"end":{"line":32,"column":99}},"11":{"start":{"line":33,"column":65},"end":{"line":33,"column":102}},"12":{"start":{"line":34,"column":69},"end":{"line":34,"column":108}},"13":{"start":{"line":37,"column":8},"end":{"line":37,"column":62}},"14":{"start":{"line":41,"column":8},"end":{"line":41,"column":69}},"15":{"start":{"line":45,"column":26},"end":{"line":45,"column":69}},"16":{"start":{"line":46,"column":8},"end":{"line":49,"column":11}},"17":{"start":{"line":46,"column":24},"end":{"line":49,"column":11}},"18":{"start":{"line":51,"column":39},"end":{"line":51,"column":107}},"19":{"start":{"line":52,"column":8},"end":{"line":55,"column":11}},"20":{"start":{"line":52,"column":37},"end":{"line":55,"column":11}},"21":{"start":{"line":57,"column":21},"end":{"line":57,"column":66}},"22":{"start":{"line":59,"column":22},"end":{"line":65,"column":58}},"23":{"start":{"line":67,"column":8},"end":{"line":67,"column":32}},"24":{"start":{"line":71,"column":7},"end":{"line":71,"column":41}},"25":{"start":{"line":76,"column":29},"end":{"line":76,"column":75}},"26":{"start":{"line":77,"column":8},"end":{"line":77,"column":118}},"27":{"start":{"line":77,"column":27},"end":{"line":77,"column":118}},"28":{"start":{"line":79,"column":21},"end":{"line":79,"column":105}},"29":{"start":{"line":80,"column":31},"end":{"line":80,"column":68}},"30":{"start":{"line":82,"column":8},"end":{"line":82,"column":null}},"31":{"start":{"line":23,"column":21},"end":{"line":85,"column":null}},"32":{"start":{"line":23,"column":21},"end":{"line":23,"column":null}}},"fnMap":{"0":{"name":"(anonymous_5)","decl":{"start":{"line":24,"column":4},"end":{"line":24,"column":null}},"loc":{"start":{"line":26,"column":83},"end":{"line":27,"column":9}}},"1":{"name":"(anonymous_6)","decl":{"start":{"line":29,"column":11},"end":{"line":29,"column":22}},"loc":{"start":{"line":29,"column":35},"end":{"line":38,"column":5}}},"2":{"name":"(anonymous_7)","decl":{"start":{"line":31,"column":32},"end":{"line":31,"column":33}},"loc":{"start":{"line":31,"column":63},"end":{"line":31,"column":101}}},"3":{"name":"(anonymous_8)","decl":{"start":{"line":32,"column":32},"end":{"line":32,"column":33}},"loc":{"start":{"line":32,"column":63},"end":{"line":32,"column":99}}},"4":{"name":"(anonymous_9)","decl":{"start":{"line":33,"column":33},"end":{"line":33,"column":34}},"loc":{"start":{"line":33,"column":65},"end":{"line":33,"column":102}}},"5":{"name":"(anonymous_10)","decl":{"start":{"line":34,"column":35},"end":{"line":34,"column":36}},"loc":{"start":{"line":34,"column":69},"end":{"line":34,"column":108}}},"6":{"name":"(anonymous_11)","decl":{"start":{"line":40,"column":11},"end":{"line":40,"column":35}},"loc":{"start":{"line":40,"column":61},"end":{"line":42,"column":5}}},"7":{"name":"(anonymous_12)","decl":{"start":{"line":44,"column":11},"end":{"line":44,"column":16}},"loc":{"start":{"line":44,"column":65},"end":{"line":68,"column":5}}},"8":{"name":"(anonymous_13)","decl":{"start":{"line":70,"column":4},"end":{"line":70,"column":27}},"loc":{"start":{"line":70,"column":54},"end":{"line":72,"column":5}}},"9":{"name":"(anonymous_14)","decl":{"start":{"line":75,"column":11},"end":{"line":75,"column":16}},"loc":{"start":{"line":75,"column":71},"end":{"line":83,"column":5}}}},"branchMap":{"0":{"loc":{"start":{"line":46,"column":8},"end":{"line":49,"column":11}},"type":"if","locations":[{"start":{"line":46,"column":8},"end":{"line":49,"column":11}},{"start":{"line":46,"column":8},"end":{"line":49,"column":11}}]},"1":{"loc":{"start":{"line":52,"column":8},"end":{"line":55,"column":11}},"type":"if","locations":[{"start":{"line":52,"column":8},"end":{"line":55,"column":11}},{"start":{"line":52,"column":8},"end":{"line":55,"column":11}}]},"2":{"loc":{"start":{"line":77,"column":8},"end":{"line":77,"column":118}},"type":"if","locations":[{"start":{"line":77,"column":8},"end":{"line":77,"column":118}},{"start":{"line":77,"column":8},"end":{"line":77,"column":118}}]}},"s":{"0":1,"1":1,"2":1,"3":1,"4":1,"5":1,"6":0,"7":0,"8":0,"9":0,"10":0,"11":0,"12":0,"13":0,"14":0,"15":0,"16":0,"17":0,"18":0,"19":0,"20":0,"21":0,"22":0,"23":0,"24":0,"25":0,"26":0,"27":0,"28":0,"29":0,"30":0,"31":1,"32":1},"f":{"0":0,"1":0,"2":0,"3":0,"4":0,"5":0,"6":0,"7":0,"8":0,"9":0},"b":{"0":[0,0],"1":[0,0],"2":[0,0]}}
,"/home/ricardo/Desktop/projeto gapo /prologyc-app/src/api/requests/Pathology/CreatePathologyRequest.ts": {"path":"/home/ricardo/Desktop/projeto gapo /prologyc-app/src/api/requests/Pathology/CreatePathologyRequest.ts","statementMap":{"0":{"start":{"line":1,"column":0},"end":{"line":1,"column":53}},"1":{"start":{"line":8,"column":2},"end":{"line":8,"column":null}},"2":{"start":{"line":11,"column":2},"end":{"line":11,"column":null}},"3":{"start":{"line":3,"column":0},"end":{"line":3,"column":21}}},"fnMap":{"0":{"name":"(anonymous_2)","decl":{"start":{"line":5,"column":2},"end":{"line":5,"column":16}},"loc":{"start":{"line":5,"column":2},"end":{"line":5,"column":17}}}},"branchMap":{},"s":{"0":1,"1":1,"2":1,"3":1},"f":{"0":0},"b":{}}
,"/home/ricardo/Desktop/projeto gapo /prologyc-app/src/api/requests/Pathology/FindAllPathologyRequest.ts": {"path":"/home/ricardo/Desktop/projeto gapo /prologyc-app/src/api/requests/Pathology/FindAllPathologyRequest.ts","statementMap":{"0":{"start":{"line":5,"column":4},"end":{"line":5,"column":32}},"1":{"start":{"line":6,"column":4},"end":{"line":6,"column":36}},"2":{"start":{"line":13,"column":4},"end":{"line":17,"column":null}},"3":{"start":{"line":2,"column":0},"end":{"line":2,"column":21}}},"fnMap":{"0":{"name":"(anonymous_0)","decl":{"start":{"line":4,"column":2},"end":{"line":4,"column":14}},"loc":{"start":{"line":4,"column":41},"end":{"line":7,"column":3}}},"1":{"name":"(anonymous_1)","decl":{"start":{"line":12,"column":9},"end":{"line":12,"column":19}},"loc":{"start":{"line":12,"column":19},"end":{"line":18,"column":3}}}},"branchMap":{"0":{"loc":{"start":{"line":5,"column":23},"end":{"line":5,"column":27}},"type":"cond-expr","locations":[{"start":{"line":5,"column":23},"end":{"line":5,"column":27}},{"start":{"line":5,"column":30},"end":{"line":5,"column":31}}]},"1":{"loc":{"start":{"line":6,"column":25},"end":{"line":6,"column":30}},"type":"cond-expr","locations":[{"start":{"line":6,"column":25},"end":{"line":6,"column":30}},{"start":{"line":6,"column":33},"end":{"line":6,"column":35}}]},"2":{"loc":{"start":{"line":14,"column":29},"end":{"line":14,"column":30}},"type":"cond-expr","locations":[{"start":{"line":14,"column":29},"end":{"line":14,"column":30}},{"start":{"line":14,"column":33},"end":{"line":14,"column":70}}]}},"s":{"0":0,"1":0,"2":0,"3":1},"f":{"0":0,"1":0},"b":{"0":[0,0],"1":[0,0],"2":[0,0]}}
,"/home/ricardo/Desktop/projeto gapo /prologyc-app/src/api/requests/Pathology/FindOnePathologyRequest.ts": {"path":"/home/ricardo/Desktop/projeto gapo /prologyc-app/src/api/requests/Pathology/FindOnePathologyRequest.ts","statementMap":{"0":{"start":{"line":1,"column":0},"end":{"line":1,"column":45}},"1":{"start":{"line":6,"column":4},"end":{"line":6,"column":17}},"2":{"start":{"line":11,"column":1},"end":{"line":11,"column":null}},"3":{"start":{"line":3,"column":0},"end":{"line":3,"column":21}}},"fnMap":{"0":{"name":"(anonymous_2)","decl":{"start":{"line":5,"column":2},"end":{"line":5,"column":14}},"loc":{"start":{"line":5,"column":24},"end":{"line":7,"column":3}}}},"branchMap":{},"s":{"0":1,"1":0,"2":1,"3":1},"f":{"0":0},"b":{}}
,"/home/ricardo/Desktop/projeto gapo /prologyc-app/src/api/requests/Pathology/RemovePathologyRequest.ts": {"path":"/home/ricardo/Desktop/projeto gapo /prologyc-app/src/api/requests/Pathology/RemovePathologyRequest.ts","statementMap":{"0":{"start":{"line":1,"column":0},"end":{"line":1,"column":45}},"1":{"start":{"line":6,"column":4},"end":{"line":6,"column":17}},"2":{"start":{"line":11,"column":1},"end":{"line":11,"column":null}},"3":{"start":{"line":3,"column":0},"end":{"line":3,"column":21}}},"fnMap":{"0":{"name":"(anonymous_2)","decl":{"start":{"line":5,"column":2},"end":{"line":5,"column":14}},"loc":{"start":{"line":5,"column":24},"end":{"line":7,"column":3}}}},"branchMap":{},"s":{"0":1,"1":0,"2":1,"3":1},"f":{"0":0},"b":{}}
,"/home/ricardo/Desktop/projeto gapo /prologyc-app/src/api/requests/Pathology/UpdatePathologyRequest.ts": {"path":"/home/ricardo/Desktop/projeto gapo /prologyc-app/src/api/requests/Pathology/UpdatePathologyRequest.ts","statementMap":{"0":{"start":{"line":1,"column":0},"end":{"line":1,"column":73}},"1":{"start":{"line":6,"column":4},"end":{"line":6,"column":32}},"2":{"start":{"line":12,"column":2},"end":{"line":12,"column":null}},"3":{"start":{"line":15,"column":2},"end":{"line":15,"column":null}},"4":{"start":{"line":3,"column":0},"end":{"line":3,"column":21}}},"fnMap":{"0":{"name":"(anonymous_2)","decl":{"start":{"line":5,"column":2},"end":{"line":5,"column":null}},"loc":{"start":{"line":5,"column":2},"end":{"line":7,"column":3}}}},"branchMap":{},"s":{"0":1,"1":0,"2":1,"3":1,"4":1},"f":{"0":0},"b":{}}
,"/home/ricardo/Desktop/projeto gapo /prologyc-app/src/api/requests/User/UserLoginRequest.ts": {"path":"/home/ricardo/Desktop/projeto gapo /prologyc-app/src/api/requests/User/UserLoginRequest.ts","statementMap":{"0":{"start":{"line":1,"column":0},"end":{"line":1,"column":62}},"1":{"start":{"line":8,"column":2},"end":{"line":8,"column":null}},"2":{"start":{"line":12,"column":2},"end":{"line":12,"column":null}},"3":{"start":{"line":17,"column":2},"end":{"line":17,"column":null}},"4":{"start":{"line":3,"column":0},"end":{"line":3,"column":21}}},"fnMap":{"0":{"name":"(anonymous_2)","decl":{"start":{"line":5,"column":2},"end":{"line":5,"column":16}},"loc":{"start":{"line":5,"column":2},"end":{"line":5,"column":17}}}},"branchMap":{},"s":{"0":1,"1":1,"2":1,"3":1,"4":1},"f":{"0":0},"b":{}}
,"/home/ricardo/Desktop/projeto gapo /prologyc-app/src/api/requests/User/UserLogoutRequest.ts": {"path":"/home/ricardo/Desktop/projeto gapo /prologyc-app/src/api/requests/User/UserLogoutRequest.ts","statementMap":{"0":{"start":{"line":1,"column":0},"end":{"line":1,"column":21}}},"fnMap":{"0":{"name":"(anonymous_0)","decl":{"start":{"line":2,"column":2},"end":{"line":2,"column":16}},"loc":{"start":{"line":2,"column":2},"end":{"line":2,"column":17}}}},"branchMap":{},"s":{"0":1},"f":{"0":0},"b":{}}
,"/home/ricardo/Desktop/projeto gapo /prologyc-app/src/api/requests/User/UserRegisterRequest.ts": {"path":"/home/ricardo/Desktop/projeto gapo /prologyc-app/src/api/requests/User/UserRegisterRequest.ts","statementMap":{"0":{"start":{"line":1,"column":0},"end":{"line":1,"column":62}},"1":{"start":{"line":9,"column":2},"end":{"line":9,"column":null}},"2":{"start":{"line":13,"column":2},"end":{"line":13,"column":null}},"3":{"start":{"line":18,"column":2},"end":{"line":18,"column":null}},"4":{"start":{"line":22,"column":2},"end":{"line":22,"column":null}},"5":{"start":{"line":3,"column":0},"end":{"line":3,"column":21}}},"fnMap":{"0":{"name":"(anonymous_2)","decl":{"start":{"line":5,"column":2},"end":{"line":5,"column":16}},"loc":{"start":{"line":5,"column":2},"end":{"line":5,"column":17}}}},"branchMap":{},"s":{"0":1,"1":1,"2":1,"3":1,"4":1,"5":1},"f":{"0":0},"b":{}}
,"/home/ricardo/Desktop/projeto gapo /prologyc-app/src/domain/entities/Entity.ts": {"path":"/home/ricardo/Desktop/projeto gapo /prologyc-app/src/domain/entities/Entity.ts","statementMap":{"0":{"start":{"line":1,"column":0},"end":{"line":1,"column":85}},"1":{"start":{"line":6,"column":4},"end":{"line":6,"column":null}},"2":{"start":{"line":9,"column":4},"end":{"line":9,"column":null}},"3":{"start":{"line":8,"column":78},"end":{"line":8,"column":94}},"4":{"start":{"line":12,"column":4},"end":{"line":12,"column":null}},"5":{"start":{"line":11,"column":78},"end":{"line":11,"column":94}},"6":{"start":{"line":3,"column":0},"end":{"line":3,"column":21}}},"fnMap":{"0":{"name":"(anonymous_2)","decl":{"start":{"line":8,"column":72},"end":{"line":8,"column":75}},"loc":{"start":{"line":8,"column":78},"end":{"line":8,"column":94}}},"1":{"name":"(anonymous_3)","decl":{"start":{"line":11,"column":72},"end":{"line":11,"column":75}},"loc":{"start":{"line":11,"column":78},"end":{"line":11,"column":94}}}},"branchMap":{},"s":{"0":1,"1":1,"2":1,"3":0,"4":1,"5":0,"6":1},"f":{"0":0,"1":0},"b":{}}
,"/home/ricardo/Desktop/projeto gapo /prologyc-app/src/domain/entities/Pathology.ts": {"path":"/home/ricardo/Desktop/projeto gapo /prologyc-app/src/domain/entities/Pathology.ts","statementMap":{"0":{"start":{"line":1,"column":0},"end":{"line":1,"column":53}},"1":{"start":{"line":2,"column":0},"end":{"line":2,"column":95}},"2":{"start":{"line":3,"column":0},"end":{"line":3,"column":30}},"3":{"start":{"line":6,"column":0},"end":{"line":22,"column":null}},"4":{"start":{"line":9,"column":8},"end":{"line":9,"column":16}},"5":{"start":{"line":10,"column":8},"end":{"line":10,"column":23}},"6":{"start":{"line":11,"column":8},"end":{"line":11,"column":39}},"7":{"start":{"line":16,"column":4},"end":{"line":16,"column":null}},"8":{"start":{"line":20,"column":4},"end":{"line":20,"column":null}},"9":{"start":{"line":6,"column":21},"end":{"line":22,"column":null}},"10":{"start":{"line":6,"column":21},"end":{"line":6,"column":31}}},"fnMap":{"0":{"name":"(anonymous_3)","decl":{"start":{"line":8,"column":4},"end":{"line":8,"column":16}},"loc":{"start":{"line":8,"column":50},"end":{"line":12,"column":5}}}},"branchMap":{},"s":{"0":1,"1":1,"2":1,"3":1,"4":0,"5":0,"6":0,"7":1,"8":1,"9":1,"10":1},"f":{"0":0},"b":{}}
,"/home/ricardo/Desktop/projeto gapo /prologyc-app/src/domain/entities/User.ts": {"path":"/home/ricardo/Desktop/projeto gapo /prologyc-app/src/domain/entities/User.ts","statementMap":{"0":{"start":{"line":1,"column":0},"end":{"line":1,"column":61}},"1":{"start":{"line":2,"column":0},"end":{"line":2,"column":71}},"2":{"start":{"line":3,"column":0},"end":{"line":3,"column":35}},"3":{"start":{"line":4,"column":0},"end":{"line":4,"column":36}},"4":{"start":{"line":5,"column":0},"end":{"line":5,"column":30}},"5":{"start":{"line":6,"column":0},"end":{"line":6,"column":28}},"6":{"start":{"line":10,"column":2},"end":{"line":85,"column":null}},"7":{"start":{"line":16,"column":8},"end":{"line":16,"column":16}},"8":{"start":{"line":17,"column":8},"end":{"line":17,"column":35}},"9":{"start":{"line":18,"column":8},"end":{"line":18,"column":33}},"10":{"start":{"line":19,"column":8},"end":{"line":19,"column":27}},"11":{"start":{"line":20,"column":8},"end":{"line":20,"column":29}},"12":{"start":{"line":21,"column":8},"end":{"line":21,"column":28}},"13":{"start":{"line":22,"column":8},"end":{"line":22,"column":33}},"14":{"start":{"line":23,"column":8},"end":{"line":23,"column":25}},"15":{"start":{"line":12,"column":6},"end":{"line":12,"column":49}},"16":{"start":{"line":63,"column":6},"end":{"line":63,"column":72}},"17":{"start":{"line":67,"column":6},"end":{"line":67,"column":64}},"18":{"start":{"line":71,"column":21},"end":{"line":71,"column":45}},"19":{"start":{"line":72,"column":28},"end":{"line":72,"column":75}},"20":{"start":{"line":73,"column":25},"end":{"line":73,"column":72}},"21":{"start":{"line":74,"column":27},"end":{"line":74,"column":68}},"22":{"start":{"line":75,"column":8},"end":{"line":75,"column":34}},"23":{"start":{"line":79,"column":6},"end":{"line":79,"column":68}},"24":{"start":{"line":83,"column":6},"end":{"line":83,"column":60}},"25":{"start":{"line":29,"column":4},"end":{"line":29,"column":null}},"26":{"start":{"line":33,"column":4},"end":{"line":33,"column":null}},"27":{"start":{"line":37,"column":4},"end":{"line":37,"column":null}},"28":{"start":{"line":43,"column":4},"end":{"line":43,"column":null}},"29":{"start":{"line":46,"column":4},"end":{"line":46,"column":null}},"30":{"start":{"line":50,"column":4},"end":{"line":50,"column":null}},"31":{"start":{"line":54,"column":4},"end":{"line":54,"column":null}},"32":{"start":{"line":59,"column":4},"end":{"line":59,"column":null}},"33":{"start":{"line":10,"column":15},"end":{"line":85,"column":null}},"34":{"start":{"line":10,"column":15},"end":{"line":10,"column":19}}},"fnMap":{"0":{"name":"(anonymous_9)","decl":{"start":{"line":15,"column":4},"end":{"line":15,"column":16}},"loc":{"start":{"line":15,"column":115},"end":{"line":24,"column":5}}},"1":{"name":"(anonymous_10)","decl":{"start":{"line":11,"column":4},"end":{"line":11,"column":37}},"loc":{"start":{"line":11,"column":50},"end":{"line":13,"column":5}}},"2":{"name":"(anonymous_11)","decl":{"start":{"line":62,"column":11},"end":{"line":62,"column":23}},"loc":{"start":{"line":62,"column":40},"end":{"line":64,"column":5}}},"3":{"name":"(anonymous_12)","decl":{"start":{"line":66,"column":11},"end":{"line":66,"column":24}},"loc":{"start":{"line":66,"column":37},"end":{"line":68,"column":5}}},"4":{"name":"(anonymous_13)","decl":{"start":{"line":70,"column":11},"end":{"line":70,"column":27}},"loc":{"start":{"line":70,"column":63},"end":{"line":76,"column":7}}},"5":{"name":"(anonymous_14)","decl":{"start":{"line":78,"column":11},"end":{"line":78,"column":44}},"loc":{"start":{"line":78,"column":72},"end":{"line":80,"column":5}}},"6":{"name":"(anonymous_15)","decl":{"start":{"line":82,"column":11},"end":{"line":82,"column":40}},"loc":{"start":{"line":82,"column":64},"end":{"line":84,"column":5}}}},"branchMap":{},"s":{"0":1,"1":1,"2":1,"3":1,"4":1,"5":1,"6":1,"7":0,"8":0,"9":0,"10":0,"11":0,"12":0,"13":0,"14":0,"15":0,"16":0,"17":0,"18":0,"19":0,"20":0,"21":0,"22":0,"23":0,"24":0,"25":1,"26":1,"27":1,"28":1,"29":1,"30":1,"31":1,"32":1,"33":1,"34":1},"f":{"0":0,"1":0,"2":0,"3":0,"4":0,"5":0,"6":0},"b":{}}
,"/home/ricardo/Desktop/projeto gapo /prologyc-app/src/domain/enums/Roles.ts": {"path":"/home/ricardo/Desktop/projeto gapo /prologyc-app/src/domain/enums/Roles.ts","statementMap":{"0":{"start":{"line":1,"column":0},"end":{"line":1,"column":null}},"1":{"start":{"line":2,"column":4},"end":{"line":2,"column":null}},"2":{"start":{"line":3,"column":4},"end":{"line":3,"column":null}},"3":{"start":{"line":4,"column":4},"end":{"line":4,"column":null}},"4":{"start":{"line":5,"column":4},"end":{"line":5,"column":null}}},"fnMap":{"0":{"name":"(anonymous_0)","decl":{"start":{"line":1,"column":0},"end":{"line":1,"column":12}},"loc":{"start":{"line":1,"column":17},"end":{"line":6,"column":1}}}},"branchMap":{"0":{"loc":{"start":{"line":1,"column":12},"end":{"line":1,"column":17}},"type":"binary-expr","locations":[{"start":{"line":1,"column":12},"end":{"line":1,"column":17}},{"start":{"line":1,"column":12},"end":{"line":1,"column":null}}]}},"s":{"0":1,"1":1,"2":1,"3":1,"4":1},"f":{"0":1},"b":{"0":[1,1]}}
,"/home/ricardo/Desktop/projeto gapo /prologyc-app/src/infra/repositories/PathologyRepository.ts": {"path":"/home/ricardo/Desktop/projeto gapo /prologyc-app/src/infra/repositories/PathologyRepository.ts","statementMap":{"0":{"start":{"line":1,"column":0},"end":{"line":1,"column":50}},"1":{"start":{"line":2,"column":0},"end":{"line":2,"column":80}},"2":{"start":{"line":4,"column":0},"end":{"line":4,"column":56}},"3":{"start":{"line":9,"column":0},"end":{"line":50,"column":null}},"4":{"start":{"line":15,"column":6},"end":{"line":15,"column":30}},"5":{"start":{"line":16,"column":6},"end":{"line":16,"column":47}},"6":{"start":{"line":26,"column":4},"end":{"line":26,"column":58}},"7":{"start":{"line":30,"column":4},"end":{"line":30,"column":43}},"8":{"start":{"line":34,"column":4},"end":{"line":34,"column":47}},"9":{"start":{"line":38,"column":19},"end":{"line":43,"column":16}},"10":{"start":{"line":44,"column":4},"end":{"line":44,"column":18}},"11":{"start":{"line":48,"column":4},"end":{"line":48,"column":42}},"12":{"start":{"line":9,"column":21},"end":{"line":50,"column":null}},"13":{"start":{"line":9,"column":21},"end":{"line":9,"column":null}}},"fnMap":{"0":{"name":"(anonymous_5)","decl":{"start":{"line":12,"column":2},"end":{"line":12,"column":null}},"loc":{"start":{"line":13,"column":49},"end":{"line":17,"column":3}}},"1":{"name":"(anonymous_6)","decl":{"start":{"line":25,"column":9},"end":{"line":25,"column":14}},"loc":{"start":{"line":25,"column":56},"end":{"line":27,"column":3}}},"2":{"name":"(anonymous_7)","decl":{"start":{"line":29,"column":9},"end":{"line":29,"column":14}},"loc":{"start":{"line":29,"column":34},"end":{"line":31,"column":3}}},"3":{"name":"(anonymous_8)","decl":{"start":{"line":33,"column":9},"end":{"line":33,"column":14}},"loc":{"start":{"line":33,"column":43},"end":{"line":35,"column":3}}},"4":{"name":"(anonymous_9)","decl":{"start":{"line":37,"column":9},"end":{"line":37,"column":14}},"loc":{"start":{"line":37,"column":56},"end":{"line":45,"column":3}}},"5":{"name":"(anonymous_10)","decl":{"start":{"line":47,"column":9},"end":{"line":47,"column":14}},"loc":{"start":{"line":47,"column":32},"end":{"line":49,"column":3}}}},"branchMap":{},"s":{"0":1,"1":1,"2":1,"3":1,"4":0,"5":0,"6":0,"7":0,"8":0,"9":0,"10":0,"11":0,"12":1,"13":1},"f":{"0":0,"1":0,"2":0,"3":0,"4":0,"5":0},"b":{}}
,"/home/ricardo/Desktop/projeto gapo /prologyc-app/src/infra/repositories/UserRepository.ts": {"path":"/home/ricardo/Desktop/projeto gapo /prologyc-app/src/infra/repositories/UserRepository.ts","statementMap":{"0":{"start":{"line":1,"column":0},"end":{"line":1,"column":50}},"1":{"start":{"line":2,"column":0},"end":{"line":2,"column":80}},"2":{"start":{"line":3,"column":0},"end":{"line":3,"column":50}},"3":{"start":{"line":7,"column":0},"end":{"line":113,"column":null}},"4":{"start":{"line":13,"column":4},"end":{"line":13,"column":28}},"5":{"start":{"line":14,"column":4},"end":{"line":14,"column":40}},"6":{"start":{"line":24,"column":26},"end":{"line":24,"column":74}},"7":{"start":{"line":25,"column":4},"end":{"line":25,"column":27}},"8":{"start":{"line":34,"column":17},"end":{"line":36,"column":16}},"9":{"start":{"line":37,"column":4},"end":{"line":37,"column":29}},"10":{"start":{"line":46,"column":17},"end":{"line":48,"column":15}},"11":{"start":{"line":49,"column":4},"end":{"line":49,"column":16}},"12":{"start":{"line":59,"column":17},"end":{"line":61,"column":15}},"13":{"start":{"line":62,"column":4},"end":{"line":62,"column":70}},"14":{"start":{"line":72,"column":4},"end":{"line":72,"column":58}},"15":{"start":{"line":73,"column":4},"end":{"line":73,"column":null}},"16":{"start":{"line":74,"column":4},"end":{"line":74,"column":null}},"17":{"start":{"line":75,"column":18},"end":{"line":75,"column":48}},"18":{"start":{"line":76,"column":63},"end":{"line":76,"column":68}},"19":{"start":{"line":77,"column":4},"end":{"line":77,"column":62}},"20":{"start":{"line":89,"column":19},"end":{"line":93,"column":16}},"21":{"start":{"line":94,"column":4},"end":{"line":94,"column":18}},"22":{"start":{"line":105,"column":19},"end":{"line":109,"column":16}},"23":{"start":{"line":110,"column":4},"end":{"line":110,"column":18}},"24":{"start":{"line":7,"column":21},"end":{"line":113,"column":null}},"25":{"start":{"line":7,"column":21},"end":{"line":7,"column":null}}},"fnMap":{"0":{"name":"(anonymous_4)","decl":{"start":{"line":10,"column":2},"end":{"line":10,"column":null}},"loc":{"start":{"line":11,"column":42},"end":{"line":15,"column":3}}},"1":{"name":"(anonymous_5)","decl":{"start":{"line":23,"column":9},"end":{"line":23,"column":14}},"loc":{"start":{"line":23,"column":49},"end":{"line":26,"column":3}}},"2":{"name":"(anonymous_6)","decl":{"start":{"line":33,"column":9},"end":{"line":33,"column":14}},"loc":{"start":{"line":33,"column":34},"end":{"line":38,"column":3}}},"3":{"name":"(anonymous_7)","decl":{"start":{"line":45,"column":9},"end":{"line":45,"column":14}},"loc":{"start":{"line":45,"column":36},"end":{"line":50,"column":3}}},"4":{"name":"(anonymous_8)","decl":{"start":{"line":58,"column":9},"end":{"line":58,"column":14}},"loc":{"start":{"line":58,"column":59},"end":{"line":63,"column":3}}},"5":{"name":"(anonymous_9)","decl":{"start":{"line":71,"column":9},"end":{"line":71,"column":14}},"loc":{"start":{"line":71,"column":34},"end":{"line":78,"column":3}}},"6":{"name":"(anonymous_10)","decl":{"start":{"line":88,"column":9},"end":{"line":88,"column":14}},"loc":{"start":{"line":88,"column":40},"end":{"line":95,"column":3}}},"7":{"name":"(anonymous_11)","decl":{"start":{"line":104,"column":9},"end":{"line":104,"column":14}},"loc":{"start":{"line":104,"column":68},"end":{"line":111,"column":3}}}},"branchMap":{"0":{"loc":{"start":{"line":62,"column":12},"end":{"line":62,"column":16}},"type":"binary-expr","locations":[{"start":{"line":62,"column":12},"end":{"line":62,"column":16}},{"start":{"line":62,"column":20},"end":{"line":62,"column":68}}]},"1":{"loc":{"start":{"line":72,"column":32},"end":{"line":72,"column":36}},"type":"cond-expr","locations":[{"start":{"line":72,"column":32},"end":{"line":72,"column":36}},{"start":{"line":72,"column":36},"end":{"line":72,"column":56}}]},"2":{"loc":{"start":{"line":72,"column":23},"end":{"line":72,"column":36}},"type":"binary-expr","locations":[{"start":{"line":72,"column":23},"end":{"line":72,"column":36}},{"start":{"line":72,"column":32},"end":{"line":72,"column":36}}]}},"s":{"0":1,"1":1,"2":1,"3":1,"4":0,"5":0,"6":0,"7":0,"8":0,"9":0,"10":0,"11":0,"12":0,"13":0,"14":0,"15":0,"16":0,"17":0,"18":0,"19":0,"20":0,"21":0,"22":0,"23":0,"24":1,"25":1},"f":{"0":0,"1":0,"2":0,"3":0,"4":0,"5":0,"6":0,"7":0},"b":{"0":[0,0],"1":[0,0],"2":[0,0]}}
,"/home/ricardo/Desktop/projeto gapo /prologyc-app/src/infra/services/PathologyService.ts": {"path":"/home/ricardo/Desktop/projeto gapo /prologyc-app/src/infra/services/PathologyService.ts","statementMap":{"0":{"start":{"line":1,"column":0},"end":{"line":1,"column":58}},"1":{"start":{"line":2,"column":0},"end":{"line":2,"column":56}},"2":{"start":{"line":5,"column":13},"end":{"line":5,"column":57}},"3":{"start":{"line":6,"column":0},"end":{"line":6,"column":36}},"4":{"start":{"line":9,"column":0},"end":{"line":29,"column":null}},"5":{"start":{"line":14,"column":4},"end":{"line":14,"column":34}},"6":{"start":{"line":23,"column":4},"end":{"line":23,"column":45}},"7":{"start":{"line":27,"column":4},"end":{"line":27,"column":null}},"8":{"start":{"line":9,"column":21},"end":{"line":29,"column":null}},"9":{"start":{"line":9,"column":21},"end":{"line":9,"column":null}}},"fnMap":{"0":{"name":"(anonymous_5)","decl":{"start":{"line":12,"column":2},"end":{"line":12,"column":22}},"loc":{"start":{"line":12,"column":88},"end":{"line":15,"column":3}}},"1":{"name":"(anonymous_6)","decl":{"start":{"line":22,"column":9},"end":{"line":22,"column":14}},"loc":{"start":{"line":22,"column":50},"end":{"line":24,"column":3}}},"2":{"name":"(anonymous_7)","decl":{"start":{"line":26,"column":9},"end":{"line":26,"column":14}},"loc":{"start":{"line":26,"column":52},"end":{"line":28,"column":3}}}},"branchMap":{},"s":{"0":1,"1":1,"2":1,"3":1,"4":1,"5":0,"6":0,"7":0,"8":1,"9":1},"f":{"0":0,"1":0,"2":0},"b":{}}
}
