TN:
SF:Swagger.ts
FN:43,(anonymous_1)
FN:55,(anonymous_2)
FN:64,(anonymous_3)
FNF:3
FNH:3
FNDA:1,(anonymous_1)
FNDA:1,(anonymous_2)
FNDA:1,(anonymous_3)
DA:38,1
DA:39,1
DA:44,1
DA:56,1
DA:57,1
DA:65,1
DA:73,1
LF:7
LH:7
BRF:0
BRH:0
end_of_record
TN:
SF:ormconfig.ts
FNF:0
FNH:0
DA:1,1
DA:3,1
LF:2
LH:2
BRF:0
BRH:0
end_of_record
TN:
SF:config/index.js
FN:2,(anonymous_0)
FN:45,(anonymous_1)
FN:77,(anonymous_2)
FNF:3
FNH:3
FNDA:2,(anonymous_0)
FNDA:1,(anonymous_1)
FNDA:1,(anonymous_2)
DA:2,1
DA:3,2
DA:5,1
DA:6,1
DA:7,1
DA:8,1
DA:10,1
DA:23,1
DA:34,1
DA:45,1
DA:46,1
DA:58,1
DA:61,1
DA:64,1
DA:71,1
DA:77,1
DA:80,1
LF:17
LH:17
BRDA:2,0,0,1
BRDA:2,0,1,1
BRDA:2,0,2,1
BRDA:3,1,0,0
BRDA:3,1,1,2
BRDA:3,2,0,2
BRDA:3,2,1,2
BRF:7
BRH:6
end_of_record
TN:
SF:src/IoC.ts
FN:17,(anonymous_1)
FN:19,(anonymous_2)
FN:31,(anonymous_3)
FN:37,(anonymous_4)
FN:44,(anonymous_5)
FN:48,(anonymous_6)
FN:53,(anonymous_7)
FN:57,(anonymous_8)
FNF:8
FNH:8
FNDA:1,(anonymous_1)
FNDA:5,(anonymous_2)
FNDA:1,(anonymous_3)
FNDA:1,(anonymous_4)
FNDA:1,(anonymous_5)
FNDA:1,(anonymous_6)
FNDA:1,(anonymous_7)
FNDA:1,(anonymous_8)
DA:1,1
DA:2,1
DA:3,1
DA:5,1
DA:6,1
DA:8,1
DA:10,1
DA:11,1
DA:12,1
DA:13,1
DA:14,1
DA:16,1
DA:17,1
DA:20,5
DA:21,5
DA:23,5
DA:32,1
DA:33,1
DA:34,1
DA:38,1
DA:39,1
DA:40,1
DA:41,1
DA:45,1
DA:49,1
DA:50,1
DA:54,1
DA:58,1
DA:59,1
DA:63,1
LF:30
LH:30
BRF:0
BRH:0
end_of_record
TN:
SF:src/Startup.ts
FN:31,(anonymous_7)
FN:41,(anonymous_8)
FN:56,(anonymous_9)
FN:62,(anonymous_10)
FN:66,(anonymous_11)
FN:70,(anonymous_12)
FN:72,(anonymous_13)
FN:75,(anonymous_14)
FN:82,(anonymous_15)
FN:91,(anonymous_16)
FN:92,(anonymous_17)
FNF:11
FNH:5
FNDA:1,(anonymous_7)
FNDA:1,(anonymous_8)
FNDA:1,(anonymous_9)
FNDA:1,(anonymous_10)
FNDA:1,(anonymous_11)
FNDA:0,(anonymous_12)
FNDA:0,(anonymous_13)
FNDA:0,(anonymous_14)
FNDA:0,(anonymous_15)
FNDA:0,(anonymous_16)
FNDA:0,(anonymous_17)
DA:1,1
DA:2,1
DA:3,1
DA:4,1
DA:5,1
DA:6,1
DA:7,1
DA:8,1
DA:9,1
DA:10,1
DA:11,1
DA:12,1
DA:13,1
DA:14,1
DA:15,1
DA:16,1
DA:17,1
DA:18,1
DA:19,1
DA:20,1
DA:21,1
DA:23,1
DA:32,1
DA:33,1
DA:34,1
DA:35,1
DA:36,1
DA:37,1
DA:38,1
DA:42,1
DA:43,1
DA:44,1
DA:45,1
DA:46,1
DA:47,1
DA:48,1
DA:49,1
DA:50,1
DA:51,1
DA:52,1
DA:53,1
DA:57,1
DA:58,1
DA:59,1
DA:63,1
DA:67,1
DA:72,0
DA:73,0
DA:74,0
DA:75,0
DA:76,0
DA:77,0
DA:79,0
DA:82,0
DA:83,0
DA:89,0
DA:91,0
DA:92,0
DA:94,0
DA:97,0
DA:98,0
DA:99,0
DA:103,1
LF:63
LH:47
BRDA:76,0,0,0
BRDA:76,0,1,0
BRDA:89,1,0,0
BRDA:89,1,1,0
BRDA:91,2,0,0
BRDA:91,2,1,0
BRF:6
BRH:0
end_of_record
TN:
SF:src/Types.ts
FNF:0
FNH:0
DA:1,1
DA:10,1
LF:2
LH:2
BRF:0
BRH:0
end_of_record
TN:
SF:src/api/controllers/AuthenticationController.ts
FN:15,(anonymous_5)
FN:18,(anonymous_6)
FN:25,(anonymous_7)
FN:31,(anonymous_8)
FNF:4
FNH:0
FNDA:0,(anonymous_5)
FNDA:0,(anonymous_6)
FNDA:0,(anonymous_7)
FNDA:0,(anonymous_8)
DA:1,1
DA:2,1
DA:3,1
DA:4,1
DA:5,1
DA:7,1
DA:8,1
DA:9,1
DA:13,1
DA:15,0
DA:18,1
DA:20,0
DA:25,1
DA:27,0
DA:31,1
DA:33,0
LF:16
LH:12
BRDA:25,0,0,0
BRF:1
BRH:0
end_of_record
TN:
SF:src/api/controllers/PathologysController.ts
FN:17,(anonymous_5)
FN:21,(anonymous_6)
FN:29,(anonymous_7)
FN:36,(anonymous_8)
FN:43,(anonymous_9)
FN:51,(anonymous_10)
FNF:6
FNH:0
FNDA:0,(anonymous_5)
FNDA:0,(anonymous_6)
FNDA:0,(anonymous_7)
FNDA:0,(anonymous_8)
FNDA:0,(anonymous_9)
FNDA:0,(anonymous_10)
DA:1,1
DA:2,1
DA:3,1
DA:4,1
DA:6,1
DA:7,1
DA:8,1
DA:9,1
DA:10,1
DA:15,1
DA:17,0
DA:21,1
DA:23,0
DA:29,1
DA:31,0
DA:36,1
DA:38,0
DA:43,1
DA:45,0
DA:51,1
DA:52,0
LF:21
LH:15
BRF:0
BRH:0
end_of_record
TN:
SF:src/api/controllers/UsersController.ts
FN:8,(anonymous_4)
FNF:1
FNH:0
FNDA:0,(anonymous_4)
DA:1,1
DA:5,1
DA:8,1
DA:10,0
LF:4
LH:3
BRF:0
BRH:0
end_of_record
TN:
SF:src/api/interceptors/OperationResultInterceptor.ts
FN:8,(anonymous_1)
FNF:1
FNH:0
FNDA:0,(anonymous_1)
DA:1,1
DA:2,1
DA:3,1
DA:7,1
DA:9,0
DA:10,0
LF:6
LH:4
BRDA:9,0,0,0
BRDA:9,0,1,0
BRF:2
BRH:0
end_of_record
TN:
SF:src/api/middlewares/AuthenticationMiddleware.ts
FN:13,(anonymous_2)
FN:26,(anonymous_3)
FNF:2
FNH:0
FNDA:0,(anonymous_2)
FNDA:0,(anonymous_3)
DA:1,1
DA:2,1
DA:3,1
DA:4,1
DA:5,1
DA:6,1
DA:7,1
DA:8,1
DA:12,1
DA:14,0
DA:16,0
DA:22,0
DA:24,0
DA:26,0
DA:27,0
DA:28,0
DA:31,0
DA:37,0
DA:44,0
DA:49,0
LF:20
LH:9
BRDA:16,0,0,0
BRDA:16,0,1,0
BRDA:16,0,2,0
BRDA:16,0,3,0
BRDA:16,0,4,0
BRDA:16,0,5,0
BRDA:22,1,0,0
BRDA:22,1,1,0
BRDA:22,2,0,0
BRDA:22,2,1,0
BRDA:24,3,0,0
BRDA:24,3,1,0
BRDA:24,4,0,0
BRDA:24,4,1,0
BRDA:26,5,0,0
BRDA:26,5,1,0
BRDA:27,6,0,0
BRDA:27,6,1,0
BRDA:31,7,0,0
BRDA:31,7,1,0
BRDA:32,8,0,0
BRDA:32,8,1,0
BRDA:32,8,2,0
BRDA:32,8,3,0
BRDA:44,9,0,0
BRDA:44,9,1,0
BRF:26
BRH:0
end_of_record
TN:
SF:src/api/middlewares/CustomErrorHandler.ts
FN:12,(anonymous_1)
FN:14,(anonymous_2)
FN:19,(anonymous_3)
FN:24,(anonymous_4)
FN:29,(anonymous_5)
FN:35,(anonymous_6)
FN:36,(anonymous_7)
FN:37,(anonymous_8)
FN:38,(anonymous_9)
FNF:9
FNH:0
FNDA:0,(anonymous_1)
FNDA:0,(anonymous_2)
FNDA:0,(anonymous_3)
FNDA:0,(anonymous_4)
FNDA:0,(anonymous_5)
FNDA:0,(anonymous_6)
FNDA:0,(anonymous_7)
FNDA:0,(anonymous_8)
FNDA:0,(anonymous_9)
DA:1,1
DA:2,1
DA:3,1
DA:11,1
DA:14,0
DA:15,0
DA:16,0
DA:19,0
DA:20,0
DA:21,0
DA:24,0
DA:25,0
DA:26,0
DA:29,0
DA:30,0
DA:31,0
DA:34,0
DA:35,0
DA:36,0
DA:37,0
DA:38,0
DA:41,0
DA:42,0
LF:23
LH:4
BRDA:41,0,0,0
BRDA:41,0,1,0
BRF:2
BRH:0
end_of_record
TN:
SF:src/api/operation-result/OperationResult.ts
FN:20,(anonymous_2)
FN:24,(anonymous_3)
FN:28,(anonymous_4)
FN:32,(anonymous_5)
FN:36,(anonymous_6)
FN:40,(anonymous_7)
FN:44,(anonymous_8)
FNF:7
FNH:0
FNDA:0,(anonymous_2)
FNDA:0,(anonymous_3)
FNDA:0,(anonymous_4)
FNDA:0,(anonymous_5)
FNDA:0,(anonymous_6)
FNDA:0,(anonymous_7)
FNDA:0,(anonymous_8)
DA:1,1
DA:2,1
DA:3,1
DA:4,1
DA:5,1
DA:6,1
DA:7,1
DA:19,1
DA:25,0
DA:29,0
DA:33,0
DA:37,0
DA:41,0
DA:45,0
LF:14
LH:8
BRDA:25,0,0,0
BRDA:25,0,1,0
BRDA:25,1,0,0
BRDA:25,1,1,0
BRDA:29,2,0,0
BRDA:29,2,1,0
BRDA:29,3,0,0
BRDA:29,3,1,0
BRDA:33,4,0,0
BRDA:33,4,1,0
BRDA:33,5,0,0
BRDA:33,5,1,0
BRDA:37,6,0,0
BRDA:37,6,1,0
BRDA:37,7,0,0
BRDA:37,7,1,0
BRDA:41,8,0,0
BRDA:41,8,1,0
BRDA:41,9,0,0
BRDA:41,9,1,0
BRDA:45,10,0,0
BRDA:45,10,1,0
BRDA:45,11,0,0
BRDA:45,11,1,0
BRF:24
BRH:0
end_of_record
TN:
SF:src/api/operation-result/http-status/BadRequest.ts
FN:4,(anonymous_0)
FNF:1
FNH:0
FNDA:0,(anonymous_0)
DA:1,1
DA:3,1
DA:5,0
LF:3
LH:2
BRF:0
BRH:0
end_of_record
TN:
SF:src/api/operation-result/http-status/Forbidden.ts
FN:4,(anonymous_0)
FNF:1
FNH:0
FNDA:0,(anonymous_0)
DA:1,1
DA:3,1
DA:5,0
LF:3
LH:2
BRF:0
BRH:0
end_of_record
TN:
SF:src/api/operation-result/http-status/HttpCreated.ts
FN:4,(anonymous_0)
FNF:1
FNH:0
FNDA:0,(anonymous_0)
DA:1,1
DA:3,1
DA:5,0
DA:6,0
DA:7,0
LF:5
LH:2
BRF:0
BRH:0
end_of_record
TN:
SF:src/api/operation-result/http-status/HttpOk.ts
FN:4,(anonymous_0)
FNF:1
FNH:0
FNDA:0,(anonymous_0)
DA:1,1
DA:3,1
DA:5,0
DA:6,0
DA:7,0
LF:5
LH:2
BRF:0
BRH:0
end_of_record
TN:
SF:src/api/operation-result/http-status/HttpResultBase.ts
FN:3,(anonymous_0)
FNF:1
FNH:0
FNDA:0,(anonymous_0)
DA:2,1
DA:4,0
DA:5,0
DA:6,0
DA:7,0
DA:8,0
LF:6
LH:1
BRF:0
BRH:0
end_of_record
TN:
SF:src/api/operation-result/http-status/NotFound.ts
FN:4,(anonymous_0)
FNF:1
FNH:0
FNDA:0,(anonymous_0)
DA:1,1
DA:3,1
DA:5,0
LF:3
LH:2
BRF:0
BRH:0
end_of_record
TN:
SF:src/api/operation-result/http-status/TokenError.ts
FN:4,(anonymous_0)
FNF:1
FNH:0
FNDA:0,(anonymous_0)
DA:1,1
DA:3,1
DA:5,0
LF:3
LH:2
BRF:0
BRH:0
end_of_record
TN:
SF:src/api/operation-result/http-status/Unauthorized.ts
FN:4,(anonymous_0)
FNF:1
FNH:0
FNDA:0,(anonymous_0)
DA:1,1
DA:3,1
DA:5,0
LF:3
LH:2
BRF:0
BRH:0
end_of_record
TN:
SF:src/api/request-handlers/PathologyRequestHandler.ts
FN:25,(anonymous_5)
FN:30,(anonymous_6)
FN:32,(anonymous_7)
FN:33,(anonymous_8)
FN:34,(anonymous_9)
FN:35,(anonymous_10)
FN:36,(anonymous_11)
FN:42,(anonymous_12)
FN:46,(anonymous_13)
FN:52,(anonymous_14)
FN:56,(anonymous_15)
FN:60,(anonymous_16)
FNF:12
FNH:0
FNDA:0,(anonymous_5)
FNDA:0,(anonymous_6)
FNDA:0,(anonymous_7)
FNDA:0,(anonymous_8)
FNDA:0,(anonymous_9)
FNDA:0,(anonymous_10)
FNDA:0,(anonymous_11)
FNDA:0,(anonymous_12)
FNDA:0,(anonymous_13)
FNDA:0,(anonymous_14)
FNDA:0,(anonymous_15)
FNDA:0,(anonymous_16)
DA:1,1
DA:2,1
DA:4,1
DA:24,1
DA:26,0
DA:27,0
DA:31,0
DA:32,0
DA:33,0
DA:34,0
DA:35,0
DA:36,0
DA:39,0
DA:43,0
DA:47,0
DA:48,0
DA:49,0
DA:53,0
DA:57,0
DA:61,0
LF:20
LH:4
BRF:0
BRH:0
end_of_record
TN:
SF:src/api/request-handlers/UserRequestHandler.ts
FN:24,(anonymous_5)
FN:29,(anonymous_6)
FN:31,(anonymous_7)
FN:32,(anonymous_8)
FN:33,(anonymous_9)
FN:34,(anonymous_10)
FN:40,(anonymous_11)
FN:44,(anonymous_12)
FN:70,(anonymous_13)
FN:75,(anonymous_14)
FNF:10
FNH:0
FNDA:0,(anonymous_5)
FNDA:0,(anonymous_6)
FNDA:0,(anonymous_7)
FNDA:0,(anonymous_8)
FNDA:0,(anonymous_9)
FNDA:0,(anonymous_10)
FNDA:0,(anonymous_11)
FNDA:0,(anonymous_12)
FNDA:0,(anonymous_13)
FNDA:0,(anonymous_14)
DA:1,1
DA:2,1
DA:3,1
DA:5,1
DA:11,1
DA:23,1
DA:25,0
DA:26,0
DA:30,0
DA:31,0
DA:32,0
DA:33,0
DA:34,0
DA:37,0
DA:41,0
DA:45,0
DA:46,0
DA:51,0
DA:52,0
DA:57,0
DA:59,0
DA:67,0
DA:71,0
DA:76,0
DA:77,0
DA:79,0
DA:80,0
DA:82,0
LF:28
LH:6
BRDA:46,0,0,0
BRDA:46,0,1,0
BRDA:52,1,0,0
BRDA:52,1,1,0
BRDA:77,2,0,0
BRDA:77,2,1,0
BRF:6
BRH:0
end_of_record
TN:
SF:src/api/requests/Pathology/CreatePathologyRequest.ts
FN:5,(anonymous_2)
FNF:1
FNH:0
FNDA:0,(anonymous_2)
DA:1,1
DA:3,1
DA:8,1
DA:11,1
LF:4
LH:4
BRF:0
BRH:0
end_of_record
TN:
SF:src/api/requests/Pathology/FindAllPathologyRequest.ts
FN:4,(anonymous_0)
FN:12,(anonymous_1)
FNF:2
FNH:0
FNDA:0,(anonymous_0)
FNDA:0,(anonymous_1)
DA:2,1
DA:5,0
DA:6,0
DA:13,0
LF:4
LH:1
BRDA:5,0,0,0
BRDA:5,0,1,0
BRDA:6,1,0,0
BRDA:6,1,1,0
BRDA:14,2,0,0
BRDA:14,2,1,0
BRF:6
BRH:0
end_of_record
TN:
SF:src/api/requests/Pathology/FindOnePathologyRequest.ts
FN:5,(anonymous_2)
FNF:1
FNH:0
FNDA:0,(anonymous_2)
DA:1,1
DA:3,1
DA:6,0
DA:11,1
LF:4
LH:3
BRF:0
BRH:0
end_of_record
TN:
SF:src/api/requests/Pathology/RemovePathologyRequest.ts
FN:5,(anonymous_2)
FNF:1
FNH:0
FNDA:0,(anonymous_2)
DA:1,1
DA:3,1
DA:6,0
DA:11,1
LF:4
LH:3
BRF:0
BRH:0
end_of_record
TN:
SF:src/api/requests/Pathology/UpdatePathologyRequest.ts
FN:5,(anonymous_2)
FNF:1
FNH:0
FNDA:0,(anonymous_2)
DA:1,1
DA:3,1
DA:6,0
DA:12,1
DA:15,1
LF:5
LH:4
BRF:0
BRH:0
end_of_record
TN:
SF:src/api/requests/User/UserLoginRequest.ts
FN:5,(anonymous_2)
FNF:1
FNH:0
FNDA:0,(anonymous_2)
DA:1,1
DA:3,1
DA:8,1
DA:12,1
DA:17,1
LF:5
LH:5
BRF:0
BRH:0
end_of_record
TN:
SF:src/api/requests/User/UserLogoutRequest.ts
FN:2,(anonymous_0)
FNF:1
FNH:0
FNDA:0,(anonymous_0)
DA:1,1
LF:1
LH:1
BRF:0
BRH:0
end_of_record
TN:
SF:src/api/requests/User/UserRegisterRequest.ts
FN:5,(anonymous_2)
FNF:1
FNH:0
FNDA:0,(anonymous_2)
DA:1,1
DA:3,1
DA:9,1
DA:13,1
DA:18,1
DA:22,1
LF:6
LH:6
BRF:0
BRH:0
end_of_record
TN:
SF:src/domain/entities/Entity.ts
FN:8,(anonymous_2)
FN:11,(anonymous_3)
FNF:2
FNH:0
FNDA:0,(anonymous_2)
FNDA:0,(anonymous_3)
DA:1,1
DA:3,1
DA:6,1
DA:8,0
DA:9,1
DA:11,0
DA:12,1
LF:7
LH:5
BRF:0
BRH:0
end_of_record
TN:
SF:src/domain/entities/Pathology.ts
FN:8,(anonymous_3)
FNF:1
FNH:0
FNDA:0,(anonymous_3)
DA:1,1
DA:2,1
DA:3,1
DA:6,1
DA:9,0
DA:10,0
DA:11,0
DA:16,1
DA:20,1
LF:9
LH:6
BRF:0
BRH:0
end_of_record
TN:
SF:src/domain/entities/User.ts
FN:15,(anonymous_9)
FN:11,(anonymous_10)
FN:62,(anonymous_11)
FN:66,(anonymous_12)
FN:70,(anonymous_13)
FN:78,(anonymous_14)
FN:82,(anonymous_15)
FNF:7
FNH:0
FNDA:0,(anonymous_9)
FNDA:0,(anonymous_10)
FNDA:0,(anonymous_11)
FNDA:0,(anonymous_12)
FNDA:0,(anonymous_13)
FNDA:0,(anonymous_14)
FNDA:0,(anonymous_15)
DA:1,1
DA:2,1
DA:3,1
DA:4,1
DA:5,1
DA:6,1
DA:10,1
DA:12,0
DA:16,0
DA:17,0
DA:18,0
DA:19,0
DA:20,0
DA:21,0
DA:22,0
DA:23,0
DA:29,1
DA:33,1
DA:37,1
DA:43,1
DA:46,1
DA:50,1
DA:54,1
DA:59,1
DA:63,0
DA:67,0
DA:71,0
DA:72,0
DA:73,0
DA:74,0
DA:75,0
DA:79,0
DA:83,0
LF:33
LH:15
BRF:0
BRH:0
end_of_record
TN:
SF:src/domain/enums/Roles.ts
FN:1,(anonymous_0)
FNF:1
FNH:1
FNDA:1,(anonymous_0)
DA:1,1
DA:2,1
DA:3,1
DA:4,1
DA:5,1
LF:5
LH:5
BRDA:1,0,0,1
BRDA:1,0,1,1
BRF:2
BRH:2
end_of_record
TN:
SF:src/infra/repositories/PathologyRepository.ts
FN:12,(anonymous_5)
FN:25,(anonymous_6)
FN:29,(anonymous_7)
FN:33,(anonymous_8)
FN:37,(anonymous_9)
FN:47,(anonymous_10)
FNF:6
FNH:0
FNDA:0,(anonymous_5)
FNDA:0,(anonymous_6)
FNDA:0,(anonymous_7)
FNDA:0,(anonymous_8)
FNDA:0,(anonymous_9)
FNDA:0,(anonymous_10)
DA:1,1
DA:2,1
DA:4,1
DA:9,1
DA:15,0
DA:16,0
DA:26,0
DA:30,0
DA:34,0
DA:38,0
DA:44,0
DA:48,0
LF:12
LH:4
BRF:0
BRH:0
end_of_record
TN:
SF:src/infra/repositories/UserRepository.ts
FN:10,(anonymous_4)
FN:23,(anonymous_5)
FN:33,(anonymous_6)
FN:45,(anonymous_7)
FN:58,(anonymous_8)
FN:71,(anonymous_9)
FN:88,(anonymous_10)
FN:104,(anonymous_11)
FNF:8
FNH:0
FNDA:0,(anonymous_4)
FNDA:0,(anonymous_5)
FNDA:0,(anonymous_6)
FNDA:0,(anonymous_7)
FNDA:0,(anonymous_8)
FNDA:0,(anonymous_9)
FNDA:0,(anonymous_10)
FNDA:0,(anonymous_11)
DA:1,1
DA:2,1
DA:3,1
DA:7,1
DA:13,0
DA:14,0
DA:24,0
DA:25,0
DA:34,0
DA:37,0
DA:46,0
DA:49,0
DA:59,0
DA:62,0
DA:72,0
DA:73,0
DA:74,0
DA:75,0
DA:76,0
DA:77,0
DA:89,0
DA:94,0
DA:105,0
DA:110,0
LF:24
LH:4
BRDA:62,0,0,0
BRDA:62,0,1,0
BRDA:72,1,0,0
BRDA:72,1,1,0
BRDA:72,2,0,0
BRDA:72,2,1,0
BRF:6
BRH:0
end_of_record
TN:
SF:src/infra/services/PathologyService.ts
FN:12,(anonymous_5)
FN:22,(anonymous_6)
FN:26,(anonymous_7)
FNF:3
FNH:0
FNDA:0,(anonymous_5)
FNDA:0,(anonymous_6)
FNDA:0,(anonymous_7)
DA:1,1
DA:2,1
DA:5,1
DA:6,1
DA:9,1
DA:14,0
DA:23,0
DA:27,0
LF:8
LH:5
BRF:0
BRH:0
end_of_record
